./checkpoints/mpi_100_20221116090637/./checkpoints/mpi_100_20221116090637/
./checkpoints/mpi_100_20221116090637/
./checkpoints/mpi_100_20221116090637/

directory creation success
directory creation failed
directory creation failed
directory creation failed
Iteration 0, elapsed time: 0.00115829
./checkpoints/mpi_100_20221116090637/
Iteration 1, elapsed time: 0.00183578
./checkpoints/mpi_100_20221116090637/
Iteration 2, elapsed time: 0.00102851
./checkpoints/mpi_100_20221116090637/
Iteration 3, elapsed time: 0.00099665
./checkpoints/mpi_100_20221116090637/
Iteration 4, elapsed time: 0.00100186
./checkpoints/mpi_100_20221116090637/
Iteration 5, elapsed time: 0.00094438
./checkpoints/mpi_100_20221116090637/
Iteration 6, elapsed time: 0.00105202
./checkpoints/mpi_100_20221116090637/
Iteration 7, elapsed time: 0.00099137
./checkpoints/mpi_100_20221116090637/
Iteration 8, elapsed time: 0.00100991
./checkpoints/mpi_100_20221116090637/
Iteration 9, elapsed time: 0.00104950
./checkpoints/mpi_100_20221116090637/
Student ID: 119010434
Name: Zhang Qihang
Assignment 3: N Body Simulation MPI Implementation
./checkpoints/mpi_1000_20221116090637/
./checkpoints/mpi_1000_20221116090637/
./checkpoints/mpi_1000_20221116090637/
./checkpoints/mpi_1000_20221116090637/
directory creation success
directory creation failed
Iteration 0, elapsed time: 0.05390349
./checkpoints/mpi_1000_20221116090637/
Iteration 1, elapsed time: 0.03998341
./checkpoints/mpi_1000_20221116090637/
Iteration 2, elapsed time: 0.03982312
./checkpoints/mpi_1000_20221116090637/
Iteration 3, elapsed time: 0.04016154
./checkpoints/mpi_1000_20221116090637/
Iteration 4, elapsed time: 0.03950189
./checkpoints/mpi_1000_20221116090637/
Iteration 5, elapsed time: 0.03980835
./checkpoints/mpi_1000_20221116090637/
Iteration 6, elapsed time: 0.03968930
./checkpoints/mpi_1000_20221116090637/
Iteration 7, elapsed time: 0.03924172
./checkpoints/mpi_1000_20221116090637/
Iteration 8, elapsed time: 0.04029693
./checkpoints/mpi_1000_20221116090637/
Iteration 9, elapsed time: 0.04036417
./checkpoints/mpi_1000_20221116090637/
Student ID: 119010434
Name: Zhang Qihang
Assignment 3: N Body Simulation MPI Implementation
./checkpoints/mpi_10000_20221116090638/./checkpoints/mpi_10000_20221116090638/

./checkpoints/mpi_10000_20221116090638/
./checkpoints/mpi_10000_20221116090638/
directory creation success
directory creation failed
Iteration 0, elapsed time: 3.50854973
./checkpoints/mpi_10000_20221116090638/
Iteration 1, elapsed time: 3.36538945
./checkpoints/mpi_10000_20221116090638/
Iteration 2, elapsed time: 3.41938017
./checkpoints/mpi_10000_20221116090638/
Iteration 3, elapsed time: 3.31942936
./checkpoints/mpi_10000_20221116090638/
Iteration 4, elapsed time: 3.31128838
./checkpoints/mpi_10000_20221116090638/
Iteration 5, elapsed time: 3.32697902
./checkpoints/mpi_10000_20221116090638/
Iteration 6, elapsed time: 3.39974306
./checkpoints/mpi_10000_20221116090638/
Iteration 7, elapsed time: 3.24135480
./checkpoints/mpi_10000_20221116090638/
Iteration 8, elapsed time: 3.34924322
./checkpoints/mpi_10000_20221116090638/
Iteration 9, elapsed time: 3.36304973
./checkpoints/mpi_10000_20221116090638/
Student ID: 119010434
Name: Zhang Qihang
Assignment 3: N Body Simulation MPI Implementation
./checkpoints/mpi_100_20221116090712/
./checkpoints/mpi_100_20221116090712/
./checkpoints/mpi_100_20221116090712/
./checkpoints/mpi_100_20221116090712/
./checkpoints/mpi_100_20221116090712/
directory creation success
./checkpoints/mpi_100_20221116090712/
directory creation failed
directory creation failed
directory creation failed
./checkpoints/mpi_100_20221116090712/
./checkpoints/mpi_100_20221116090712/
Iteration 0, elapsed time: 0.00085828
./checkpoints/mpi_100_20221116090712/
Iteration 1, elapsed time: 0.00080497
./checkpoints/mpi_100_20221116090712/
Iteration 2, elapsed time: 0.00060788
./checkpoints/mpi_100_20221116090712/
Iteration 3, elapsed time: 0.00058182
./checkpoints/mpi_100_20221116090712/
Iteration 4, elapsed time: 0.00057554
./checkpoints/mpi_100_20221116090712/
Iteration 5, elapsed time: 0.00060828
./checkpoints/mpi_100_20221116090712/
Iteration 6, elapsed time: 0.00060177
./checkpoints/mpi_100_20221116090712/
Iteration 7, elapsed time: 0.00060131
./checkpoints/mpi_100_20221116090712/
Iteration 8, elapsed time: 0.00062250
./checkpoints/mpi_100_20221116090712/
Iteration 9, elapsed time: 0.00060707
./checkpoints/mpi_100_20221116090712/
Student ID: 119010434
Name: Zhang Qihang
Assignment 3: N Body Simulation MPI Implementation
./checkpoints/mpi_1000_20221116090712/
./checkpoints/mpi_1000_20221116090712/./checkpoints/mpi_1000_20221116090712/
./checkpoints/mpi_1000_20221116090712/

./checkpoints/mpi_1000_20221116090712/
./checkpoints/mpi_1000_20221116090712/
./checkpoints/mpi_1000_20221116090712/
./checkpoints/mpi_1000_20221116090712/
directory creation success
directory creation failed
directory creation failed
directory creation failed
directory creation failed
Iteration 0, elapsed time: 0.03038142
./checkpoints/mpi_1000_20221116090712/
Iteration 1, elapsed time: 0.02004959
./checkpoints/mpi_1000_20221116090712/
Iteration 2, elapsed time: 0.01984936
./checkpoints/mpi_1000_20221116090712/
Iteration 3, elapsed time: 0.01964282
./checkpoints/mpi_1000_20221116090712/
Iteration 4, elapsed time: 0.01955982
./checkpoints/mpi_1000_20221116090712/
Iteration 5, elapsed time: 0.01971683
./checkpoints/mpi_1000_20221116090712/
Iteration 6, elapsed time: 0.02000891
./checkpoints/mpi_1000_20221116090712/
Iteration 7, elapsed time: 0.02007799
./checkpoints/mpi_1000_20221116090712/
Iteration 8, elapsed time: 0.01964078
./checkpoints/mpi_1000_20221116090712/
Iteration 9, elapsed time: 0.01985208
./checkpoints/mpi_1000_20221116090712/
Student ID: 119010434
Name: Zhang Qihang
Assignment 3: N Body Simulation MPI Implementation
./checkpoints/mpi_10000_20221116090713/./checkpoints/mpi_10000_20221116090713/
./checkpoints/mpi_10000_20221116090713/
./checkpoints/mpi_10000_20221116090713/
./checkpoints/mpi_10000_20221116090713/

./checkpoints/mpi_10000_20221116090713/
./checkpoints/mpi_10000_20221116090713/
./checkpoints/mpi_10000_20221116090713/
directory creation success
directory creation failed
Iteration 0, elapsed time: 1.74471785
./checkpoints/mpi_10000_20221116090713/
Iteration 1, elapsed time: 1.69202260
./checkpoints/mpi_10000_20221116090713/
Iteration 2, elapsed time: 1.68935132
./checkpoints/mpi_10000_20221116090713/
Iteration 3, elapsed time: 1.64982610
./checkpoints/mpi_10000_20221116090713/
Iteration 4, elapsed time: 1.67390745
./checkpoints/mpi_10000_20221116090713/
Iteration 5, elapsed time: 1.66225923
./checkpoints/mpi_10000_20221116090713/
Iteration 6, elapsed time: 1.69665245
./checkpoints/mpi_10000_20221116090713/
Iteration 7, elapsed time: 1.63690797
./checkpoints/mpi_10000_20221116090713/
Iteration 8, elapsed time: 1.68453429
./checkpoints/mpi_10000_20221116090713/
Iteration 9, elapsed time: 1.67423769
./checkpoints/mpi_10000_20221116090713/
Student ID: 119010434
Name: Zhang Qihang
Assignment 3: N Body Simulation MPI Implementation
./checkpoints/mpi_100_20221116090730/
./checkpoints/mpi_100_20221116090730/
./checkpoints/mpi_100_20221116090730/
./checkpoints/mpi_100_20221116090730/./checkpoints/mpi_100_20221116090730/

./checkpoints/mpi_100_20221116090730/
directory creation success
directory creation failed
./checkpoints/mpi_100_20221116090730/
./checkpoints/mpi_100_20221116090730/
./checkpoints/mpi_100_20221116090730/
./checkpoints/mpi_100_20221116090730/
./checkpoints/mpi_100_20221116090730/
./checkpoints/mpi_100_20221116090730/
directory creation failed
directory creation failed
directory creation failed
directory creation failed
Iteration 0, elapsed time: 0.00080916
./checkpoints/mpi_100_20221116090730/
Iteration 1, elapsed time: 0.00051064
./checkpoints/mpi_100_20221116090730/
Iteration 2, elapsed time: 0.00042819
./checkpoints/mpi_100_20221116090730/
Iteration 3, elapsed time: 0.00041194
./checkpoints/mpi_100_20221116090730/
Iteration 4, elapsed time: 0.00027801
./checkpoints/mpi_100_20221116090730/
Iteration 5, elapsed time: 0.00026760
./checkpoints/mpi_100_20221116090730/
Iteration 6, elapsed time: 0.00026532
./checkpoints/mpi_100_20221116090730/
Iteration 7, elapsed time: 0.00024513
./checkpoints/mpi_100_20221116090730/
Iteration 8, elapsed time: 0.00024660
./checkpoints/mpi_100_20221116090730/
Iteration 9, elapsed time: 0.00024018
./checkpoints/mpi_100_20221116090730/
Student ID: 119010434
Name: Zhang Qihang
Assignment 3: N Body Simulation MPI Implementation
./checkpoints/mpi_1000_20221116090730/
directory creation success
./checkpoints/mpi_1000_20221116090730/
./checkpoints/mpi_1000_20221116090730/
./checkpoints/mpi_1000_20221116090730/
./checkpoints/mpi_1000_20221116090730/./checkpoints/mpi_1000_20221116090730/

./checkpoints/mpi_1000_20221116090730/
./checkpoints/mpi_1000_20221116090730/
./checkpoints/mpi_1000_20221116090730/./checkpoints/mpi_1000_20221116090730/

./checkpoints/mpi_1000_20221116090730/./checkpoints/mpi_1000_20221116090730/

Iteration 0, elapsed time: 0.02673856
./checkpoints/mpi_1000_20221116090730/
Iteration 1, elapsed time: 0.01473655
./checkpoints/mpi_1000_20221116090730/
Iteration 2, elapsed time: 0.01430794
./checkpoints/mpi_1000_20221116090730/
Iteration 3, elapsed time: 0.01360906
./checkpoints/mpi_1000_20221116090730/
Iteration 4, elapsed time: 0.01340548
./checkpoints/mpi_1000_20221116090730/
Iteration 5, elapsed time: 0.01345493
./checkpoints/mpi_1000_20221116090730/
Iteration 6, elapsed time: 0.01335790
./checkpoints/mpi_1000_20221116090730/
Iteration 7, elapsed time: 0.01331629
./checkpoints/mpi_1000_20221116090730/
Iteration 8, elapsed time: 0.01594726
./checkpoints/mpi_1000_20221116090730/
Iteration 9, elapsed time: 0.01595423
./checkpoints/mpi_1000_20221116090730/
Student ID: 119010434
Name: Zhang Qihang
Assignment 3: N Body Simulation MPI Implementation
./checkpoints/mpi_10000_20221116090731/
./checkpoints/mpi_10000_20221116090731/
./checkpoints/mpi_10000_20221116090731/
./checkpoints/mpi_10000_20221116090731/
./checkpoints/mpi_10000_20221116090731/
directory creation success
directory creation failed
./checkpoints/mpi_10000_20221116090731/
directory creation failed
directory creation failed
./checkpoints/mpi_10000_20221116090731/
./checkpoints/mpi_10000_20221116090731/
./checkpoints/mpi_10000_20221116090731/
./checkpoints/mpi_10000_20221116090731/
./checkpoints/mpi_10000_20221116090731/
./checkpoints/mpi_10000_20221116090731/
Iteration 0, elapsed time: 1.29103825
./checkpoints/mpi_10000_20221116090731/
Iteration 1, elapsed time: 1.36353666
./checkpoints/mpi_10000_20221116090731/
Iteration 2, elapsed time: 1.23506376
./checkpoints/mpi_10000_20221116090731/
Iteration 3, elapsed time: 1.33176946
./checkpoints/mpi_10000_20221116090731/
Iteration 4, elapsed time: 1.26044461
./checkpoints/mpi_10000_20221116090731/
Iteration 5, elapsed time: 1.26568961
./checkpoints/mpi_10000_20221116090731/
Iteration 6, elapsed time: 1.30906709
./checkpoints/mpi_10000_20221116090731/
Iteration 7, elapsed time: 1.21062816
./checkpoints/mpi_10000_20221116090731/
Iteration 8, elapsed time: 1.39517777
./checkpoints/mpi_10000_20221116090731/
Iteration 9, elapsed time: 1.30546240
./checkpoints/mpi_10000_20221116090731/
Student ID: 119010434
Name: Zhang Qihang
Assignment 3: N Body Simulation MPI Implementation
./checkpoints/mpi_100_20221116090744/
directory creation success
./checkpoints/mpi_100_20221116090744/
./checkpoints/mpi_100_20221116090744/./checkpoints/mpi_100_20221116090744/

./checkpoints/mpi_100_20221116090744/
./checkpoints/mpi_100_20221116090744/
./checkpoints/mpi_100_20221116090744/
./checkpoints/mpi_100_20221116090744/
./checkpoints/mpi_100_20221116090744/
./checkpoints/mpi_100_20221116090744/
./checkpoints/mpi_100_20221116090744/
./checkpoints/mpi_100_20221116090744/./checkpoints/mpi_100_20221116090744/

./checkpoints/mpi_100_20221116090744/
./checkpoints/mpi_100_20221116090744/
./checkpoints/mpi_100_20221116090744/
Iteration 0, elapsed time: 0.00051237
./checkpoints/mpi_100_20221116090744/
Iteration 1, elapsed time: 0.00035646
./checkpoints/mpi_100_20221116090744/
Iteration 2, elapsed time: 0.00022341
./checkpoints/mpi_100_20221116090744/
Iteration 3, elapsed time: 0.00021953
./checkpoints/mpi_100_20221116090744/
Iteration 4, elapsed time: 0.00022428
./checkpoints/mpi_100_20221116090744/
Iteration 5, elapsed time: 0.00020091
./checkpoints/mpi_100_20221116090744/
Iteration 6, elapsed time: 0.00020453
./checkpoints/mpi_100_20221116090744/
Iteration 7, elapsed time: 0.00019797
./checkpoints/mpi_100_20221116090744/
Iteration 8, elapsed time: 0.00019677
./checkpoints/mpi_100_20221116090744/
Iteration 9, elapsed time: 0.00019428
./checkpoints/mpi_100_20221116090744/
Student ID: 119010434
Name: Zhang Qihang
Assignment 3: N Body Simulation MPI Implementation
./checkpoints/mpi_1000_20221116090745/
./checkpoints/mpi_1000_20221116090745/
directory creation success
./checkpoints/mpi_1000_20221116090745/
./checkpoints/mpi_1000_20221116090745/
./checkpoints/mpi_1000_20221116090745/
./checkpoints/mpi_1000_20221116090745/./checkpoints/mpi_1000_20221116090745/
./checkpoints/mpi_1000_20221116090745/
./checkpoints/mpi_1000_20221116090745/

./checkpoints/mpi_1000_20221116090745/
./checkpoints/mpi_1000_20221116090745/./checkpoints/mpi_1000_20221116090745/
./checkpoints/mpi_1000_20221116090745/
./checkpoints/mpi_1000_20221116090745/
./checkpoints/mpi_1000_20221116090745/

./checkpoints/mpi_1000_20221116090745/
Iteration 0, elapsed time: 0.02240182
./checkpoints/mpi_1000_20221116090745/
Iteration 1, elapsed time: 0.01332265
./checkpoints/mpi_1000_20221116090745/
Iteration 2, elapsed time: 0.01328888
./checkpoints/mpi_1000_20221116090745/
Iteration 3, elapsed time: 0.01331928
./checkpoints/mpi_1000_20221116090745/
Iteration 4, elapsed time: 0.01342014
./checkpoints/mpi_1000_20221116090745/
Iteration 5, elapsed time: 0.01339210
./checkpoints/mpi_1000_20221116090745/
Iteration 6, elapsed time: 0.01403252
./checkpoints/mpi_1000_20221116090745/
Iteration 7, elapsed time: 0.01394487
./checkpoints/mpi_1000_20221116090745/
Iteration 8, elapsed time: 0.01359857
./checkpoints/mpi_1000_20221116090745/
Iteration 9, elapsed time: 0.01367509
./checkpoints/mpi_1000_20221116090745/
Student ID: 119010434
Name: Zhang Qihang
Assignment 3: N Body Simulation MPI Implementation
./checkpoints/mpi_10000_20221116090745/
directory creation success
./checkpoints/mpi_10000_20221116090745/
./checkpoints/mpi_10000_20221116090745/
./checkpoints/mpi_10000_20221116090745/
./checkpoints/mpi_10000_20221116090745/./checkpoints/mpi_10000_20221116090745/

./checkpoints/mpi_10000_20221116090745/./checkpoints/mpi_10000_20221116090745/

./checkpoints/mpi_10000_20221116090745/
./checkpoints/mpi_10000_20221116090745/
./checkpoints/mpi_10000_20221116090745/
./checkpoints/mpi_10000_20221116090745/
./checkpoints/mpi_10000_20221116090745/./checkpoints/mpi_10000_20221116090745/
./checkpoints/mpi_10000_20221116090745/
./checkpoints/mpi_10000_20221116090745/

Iteration 0, elapsed time: 1.10287981
./checkpoints/mpi_10000_20221116090745/
Iteration 1, elapsed time: 1.09313271
./checkpoints/mpi_10000_20221116090745/
Iteration 2, elapsed time: 1.12801419
./checkpoints/mpi_10000_20221116090745/
Iteration 3, elapsed time: 1.13637924
./checkpoints/mpi_10000_20221116090745/
Iteration 4, elapsed time: 1.15967429
./checkpoints/mpi_10000_20221116090745/
Iteration 5, elapsed time: 1.10787240
./checkpoints/mpi_10000_20221116090745/
Iteration 6, elapsed time: 1.05880981
./checkpoints/mpi_10000_20221116090745/
Iteration 7, elapsed time: 1.03311145
./checkpoints/mpi_10000_20221116090745/
Iteration 8, elapsed time: 1.15526191
./checkpoints/mpi_10000_20221116090745/
Iteration 9, elapsed time: 1.13437391
./checkpoints/mpi_10000_20221116090745/
Student ID: 119010434
Name: Zhang Qihang
Assignment 3: N Body Simulation MPI Implementation
./checkpoints/mpi_100_20221116090757/./checkpoints/mpi_100_20221116090757/

./checkpoints/mpi_100_20221116090757/
./checkpoints/mpi_100_20221116090757/
directory creation success
directory creation failed./checkpoints/mpi_100_20221116090757/
./checkpoints/mpi_100_20221116090757/
./checkpoints/mpi_100_20221116090757/
./checkpoints/mpi_100_20221116090757/
./checkpoints/mpi_100_20221116090757/
./checkpoints/mpi_100_20221116090757/
./checkpoints/mpi_100_20221116090757/
./checkpoints/mpi_100_20221116090757/
./checkpoints/mpi_100_20221116090757/
./checkpoints/mpi_100_20221116090757/
./checkpoints/mpi_100_20221116090757/
directory creation failed
directory creation failed
./checkpoints/mpi_100_20221116090757/
./checkpoints/mpi_100_20221116090757/

./checkpoints/mpi_100_20221116090757/
./checkpoints/mpi_100_20221116090757/
./checkpoints/mpi_100_20221116090757/
Iteration 0, elapsed time: 0.00191286
./checkpoints/mpi_100_20221116090757/
Iteration 1, elapsed time: 0.00024540
./checkpoints/mpi_100_20221116090757/
Iteration 2, elapsed time: 0.00023359
./checkpoints/mpi_100_20221116090757/
Iteration 3, elapsed time: 0.00023886
./checkpoints/mpi_100_20221116090757/
Iteration 4, elapsed time: 0.00021921
./checkpoints/mpi_100_20221116090757/
Iteration 5, elapsed time: 0.00016051
./checkpoints/mpi_100_20221116090757/
Iteration 6, elapsed time: 0.00015913
./checkpoints/mpi_100_20221116090757/
Iteration 7, elapsed time: 0.00014925
./checkpoints/mpi_100_20221116090757/
Iteration 8, elapsed time: 0.00015245
./checkpoints/mpi_100_20221116090757/
Iteration 9, elapsed time: 0.00013889
./checkpoints/mpi_100_20221116090757/
Student ID: 119010434
Name: Zhang Qihang
Assignment 3: N Body Simulation MPI Implementation
./checkpoints/mpi_1000_20221116090757/
./checkpoints/mpi_1000_20221116090757/
directory creation success./checkpoints/mpi_1000_20221116090757/
./checkpoints/mpi_1000_20221116090757/

directory creation failed
./checkpoints/mpi_1000_20221116090757/./checkpoints/mpi_1000_20221116090757/
./checkpoints/mpi_1000_20221116090757/
./checkpoints/mpi_1000_20221116090757/
./checkpoints/mpi_1000_20221116090757/
./checkpoints/mpi_1000_20221116090757/
./checkpoints/mpi_1000_20221116090757/
./checkpoints/mpi_1000_20221116090757/

./checkpoints/mpi_1000_20221116090757/./checkpoints/mpi_1000_20221116090757/

./checkpoints/mpi_1000_20221116090757/./checkpoints/mpi_1000_20221116090757/
./checkpoints/mpi_1000_20221116090757/
./checkpoints/mpi_1000_20221116090757/

./checkpoints/mpi_1000_20221116090757/./checkpoints/mpi_1000_20221116090757/

Iteration 0, elapsed time: 0.02025480
./checkpoints/mpi_1000_20221116090757/
Iteration 1, elapsed time: 0.01093967
./checkpoints/mpi_1000_20221116090757/
Iteration 2, elapsed time: 0.01081415
./checkpoints/mpi_1000_20221116090757/
Iteration 3, elapsed time: 0.01074597
./checkpoints/mpi_1000_20221116090757/
Iteration 4, elapsed time: 0.01070625
./checkpoints/mpi_1000_20221116090757/
Iteration 5, elapsed time: 0.01079809
./checkpoints/mpi_1000_20221116090757/
Iteration 6, elapsed time: 0.01174359
./checkpoints/mpi_1000_20221116090757/
Iteration 7, elapsed time: 0.01075305
./checkpoints/mpi_1000_20221116090757/
Iteration 8, elapsed time: 0.01079096
./checkpoints/mpi_1000_20221116090757/
Iteration 9, elapsed time: 0.01393173
./checkpoints/mpi_1000_20221116090757/
Student ID: 119010434
Name: Zhang Qihang
Assignment 3: N Body Simulation MPI Implementation
./checkpoints/mpi_10000_20221116090757/./checkpoints/mpi_10000_20221116090757/
./checkpoints/mpi_10000_20221116090757/
./checkpoints/mpi_10000_20221116090757/
./checkpoints/mpi_10000_20221116090757/
./checkpoints/mpi_10000_20221116090757/

./checkpoints/mpi_10000_20221116090757/
./checkpoints/mpi_10000_20221116090757/
./checkpoints/mpi_10000_20221116090757/
./checkpoints/mpi_10000_20221116090757/
./checkpoints/mpi_10000_20221116090757/./checkpoints/mpi_10000_20221116090757/
./checkpoints/mpi_10000_20221116090757/
./checkpoints/mpi_10000_20221116090757/
./checkpoints/mpi_10000_20221116090757/
./checkpoints/mpi_10000_20221116090757/
./checkpoints/mpi_10000_20221116090757/

./checkpoints/mpi_10000_20221116090757/
directory creation success
./checkpoints/mpi_10000_20221116090757/
./checkpoints/mpi_10000_20221116090757/
directory creation failed
directory creation failed
directory creation failed
directory creation failed
directory creation failed
directory creation failed
directory creation failed
directory creation failed
directory creation failed
Iteration 0, elapsed time: 0.94649121
./checkpoints/mpi_10000_20221116090757/
Iteration 1, elapsed time: 0.93136666
./checkpoints/mpi_10000_20221116090757/
Iteration 2, elapsed time: 0.92682763
./checkpoints/mpi_10000_20221116090757/
Iteration 3, elapsed time: 0.91550334
./checkpoints/mpi_10000_20221116090757/
Iteration 4, elapsed time: 0.92973685
./checkpoints/mpi_10000_20221116090757/
Iteration 5, elapsed time: 0.92760727
./checkpoints/mpi_10000_20221116090757/
Iteration 6, elapsed time: 0.94915773
./checkpoints/mpi_10000_20221116090757/
Iteration 7, elapsed time: 0.90511963
./checkpoints/mpi_10000_20221116090757/
Iteration 8, elapsed time: 0.93758246
./checkpoints/mpi_10000_20221116090757/
Iteration 9, elapsed time: 0.92498678
./checkpoints/mpi_10000_20221116090757/
Student ID: 119010434
Name: Zhang Qihang
Assignment 3: N Body Simulation MPI Implementation
./checkpoints/mpi_100_20221116090807/./checkpoints/mpi_100_20221116090807/
./checkpoints/mpi_100_20221116090807/
./checkpoints/mpi_100_20221116090807/
./checkpoints/mpi_100_20221116090807/
./checkpoints/mpi_100_20221116090807/
./checkpoints/mpi_100_20221116090807/
./checkpoints/mpi_100_20221116090807/
./checkpoints/mpi_100_20221116090807/
./checkpoints/mpi_100_20221116090807/
./checkpoints/mpi_100_20221116090807/
./checkpoints/mpi_100_20221116090807/
./checkpoints/mpi_100_20221116090807/
./checkpoints/mpi_100_20221116090807/
./checkpoints/mpi_100_20221116090807/
./checkpoints/mpi_100_20221116090807/

./checkpoints/mpi_100_20221116090807/
directory creation success
./checkpoints/mpi_100_20221116090807/
./checkpoints/mpi_100_20221116090807/
./checkpoints/mpi_100_20221116090807/
./checkpoints/mpi_100_20221116090807/
./checkpoints/mpi_100_20221116090807/
./checkpoints/mpi_100_20221116090808/
./checkpoints/mpi_100_20221116090808/
directory creation failed
directory creation success
directory creation failed
Iteration 0, elapsed time: 0.10199995
./checkpoints/mpi_100_20221116090807/
Iteration 1, elapsed time: 0.07700367
./checkpoints/mpi_100_20221116090807/
Iteration 2, elapsed time: 0.07713125
./checkpoints/mpi_100_20221116090807/
Iteration 3, elapsed time: 0.06801177
./checkpoints/mpi_100_20221116090807/
Iteration 4, elapsed time: 0.12900538
./checkpoints/mpi_100_20221116090807/
Iteration 5, elapsed time: 0.08713851
./checkpoints/mpi_100_20221116090807/
Iteration 6, elapsed time: 0.05789433
./checkpoints/mpi_100_20221116090807/
Iteration 7, elapsed time: 0.06801844
./checkpoints/mpi_100_20221116090807/
Iteration 8, elapsed time: 0.10301009
./checkpoints/mpi_100_20221116090807/
Iteration 9, elapsed time: 0.07782140
./checkpoints/mpi_100_20221116090807/
Student ID: 119010434
Name: Zhang Qihang
Assignment 3: N Body Simulation MPI Implementation
./checkpoints/mpi_1000_20221116090809/
./checkpoints/mpi_1000_20221116090809/
./checkpoints/mpi_1000_20221116090809/
./checkpoints/mpi_1000_20221116090809/
./checkpoints/mpi_1000_20221116090809/
./checkpoints/mpi_1000_20221116090809/
./checkpoints/mpi_1000_20221116090809/
./checkpoints/mpi_1000_20221116090809/
./checkpoints/mpi_1000_20221116090809/
./checkpoints/mpi_1000_20221116090809/
./checkpoints/mpi_1000_20221116090809/
./checkpoints/mpi_1000_20221116090809/
./checkpoints/mpi_1000_20221116090809/
./checkpoints/mpi_1000_20221116090809/
./checkpoints/mpi_1000_20221116090809/
./checkpoints/mpi_1000_20221116090809/
./checkpoints/mpi_1000_20221116090809/
./checkpoints/mpi_1000_20221116090809/
directory creation success
./checkpoints/mpi_1000_20221116090809/
./checkpoints/mpi_1000_20221116090809/
./checkpoints/mpi_1000_20221116090809/./checkpoints/mpi_1000_20221116090809/

./checkpoints/mpi_1000_20221116090809/
directory creation failed
directory creation failed
./checkpoints/mpi_1000_20221116090809/
Iteration 0, elapsed time: 0.06787382
./checkpoints/mpi_1000_20221116090809/
Iteration 1, elapsed time: 0.08880375
./checkpoints/mpi_1000_20221116090809/
Iteration 2, elapsed time: 0.08374172
./checkpoints/mpi_1000_20221116090809/
Iteration 3, elapsed time: 0.10057279
./checkpoints/mpi_1000_20221116090809/
Iteration 4, elapsed time: 0.10145415
./checkpoints/mpi_1000_20221116090809/
Iteration 5, elapsed time: 0.09957481
./checkpoints/mpi_1000_20221116090809/
Iteration 6, elapsed time: 0.07484885
./checkpoints/mpi_1000_20221116090809/
Iteration 7, elapsed time: 0.08216628
./checkpoints/mpi_1000_20221116090809/
Iteration 8, elapsed time: 0.09446949
./checkpoints/mpi_1000_20221116090809/
Iteration 9, elapsed time: 0.09199910
./checkpoints/mpi_1000_20221116090809/
Student ID: 119010434
Name: Zhang Qihang
Assignment 3: N Body Simulation MPI Implementation
./checkpoints/mpi_10000_20221116090810/
./checkpoints/mpi_10000_20221116090810/./checkpoints/mpi_10000_20221116090810/
./checkpoints/mpi_10000_20221116090810/
./checkpoints/mpi_10000_20221116090810/
./checkpoints/mpi_10000_20221116090810/
./checkpoints/mpi_10000_20221116090810/
./checkpoints/mpi_10000_20221116090810/
./checkpoints/mpi_10000_20221116090810/
./checkpoints/mpi_10000_20221116090810/
./checkpoints/mpi_10000_20221116090810/
./checkpoints/mpi_10000_20221116090810/
./checkpoints/mpi_10000_20221116090810/
./checkpoints/mpi_10000_20221116090810/
./checkpoints/mpi_10000_20221116090810/
./checkpoints/mpi_10000_20221116090810/
./checkpoints/mpi_10000_20221116090810/

./checkpoints/mpi_10000_20221116090810/
directory creation success
./checkpoints/mpi_10000_20221116090810/
./checkpoints/mpi_10000_20221116090810/
./checkpoints/mpi_10000_20221116090810/
./checkpoints/mpi_10000_20221116090810/
./checkpoints/mpi_10000_20221116090810/
directory creation failed
directory creation failed
./checkpoints/mpi_10000_20221116090810/
directory creation failed
Iteration 0, elapsed time: 1.26313743
./checkpoints/mpi_10000_20221116090810/
Iteration 1, elapsed time: 1.23885619
./checkpoints/mpi_10000_20221116090810/
Iteration 2, elapsed time: 1.27772009
./checkpoints/mpi_10000_20221116090810/
Iteration 3, elapsed time: 1.40665812
./checkpoints/mpi_10000_20221116090810/
Iteration 4, elapsed time: 1.34269229
./checkpoints/mpi_10000_20221116090810/
Iteration 5, elapsed time: 1.23747815
./checkpoints/mpi_10000_20221116090810/
Iteration 6, elapsed time: 1.30339227
./checkpoints/mpi_10000_20221116090810/
Iteration 7, elapsed time: 1.23700362
./checkpoints/mpi_10000_20221116090810/
Iteration 8, elapsed time: 1.28780329
./checkpoints/mpi_10000_20221116090810/
Iteration 9, elapsed time: 1.41767006
./checkpoints/mpi_10000_20221116090810/
Student ID: 119010434
Name: Zhang Qihang
Assignment 3: N Body Simulation MPI Implementation
./checkpoints/mpi_100_20221116090824/
./checkpoints/mpi_100_20221116090824/
./checkpoints/mpi_100_20221116090824/
./checkpoints/mpi_100_20221116090824/
./checkpoints/mpi_100_20221116090824/
./checkpoints/mpi_100_20221116090824/./checkpoints/mpi_100_20221116090824/
./checkpoints/mpi_100_20221116090824/
./checkpoints/mpi_100_20221116090824/
./checkpoints/mpi_100_20221116090824/./checkpoints/mpi_100_20221116090824/
./checkpoints/mpi_100_20221116090824/
./checkpoints/mpi_100_20221116090824/
./checkpoints/mpi_100_20221116090824/
./checkpoints/mpi_100_20221116090824/
./checkpoints/mpi_100_20221116090824/
./checkpoints/mpi_100_20221116090824/
./checkpoints/mpi_100_20221116090824/
./checkpoints/mpi_100_20221116090824/
./checkpoints/mpi_100_20221116090824/


./checkpoints/mpi_100_20221116090824/
./checkpoints/mpi_100_20221116090824/
./checkpoints/mpi_100_20221116090824/
./checkpoints/mpi_100_20221116090824/
./checkpoints/mpi_100_20221116090824/
./checkpoints/mpi_100_20221116090824/
./checkpoints/mpi_100_20221116090824/
./checkpoints/mpi_100_20221116090824/
directory creation success
directory creation failed
directory creation failed
directory creation failed
Iteration 0, elapsed time: 0.13499915
./checkpoints/mpi_100_20221116090824/
Iteration 1, elapsed time: 0.11701222
./checkpoints/mpi_100_20221116090824/
Iteration 2, elapsed time: 0.13200505
./checkpoints/mpi_100_20221116090824/
Iteration 3, elapsed time: 0.14600298
./checkpoints/mpi_100_20221116090824/
Iteration 4, elapsed time: 0.09900128
./checkpoints/mpi_100_20221116090824/
Iteration 5, elapsed time: 0.12221907
./checkpoints/mpi_100_20221116090824/
Iteration 6, elapsed time: 0.12400580
./checkpoints/mpi_100_20221116090824/
Iteration 7, elapsed time: 0.11220294
./checkpoints/mpi_100_20221116090824/
Iteration 8, elapsed time: 0.11411554
./checkpoints/mpi_100_20221116090824/
Iteration 9, elapsed time: 0.09500423
./checkpoints/mpi_100_20221116090824/
Student ID: 119010434
Name: Zhang Qihang
Assignment 3: N Body Simulation MPI Implementation
./checkpoints/mpi_1000_20221116090826/
./checkpoints/mpi_1000_20221116090826/
./checkpoints/mpi_1000_20221116090826/
./checkpoints/mpi_1000_20221116090826/
./checkpoints/mpi_1000_20221116090826/
./checkpoints/mpi_1000_20221116090826/
./checkpoints/mpi_1000_20221116090826/
./checkpoints/mpi_1000_20221116090826/
./checkpoints/mpi_1000_20221116090826/
./checkpoints/mpi_1000_20221116090826/
./checkpoints/mpi_1000_20221116090826/
./checkpoints/mpi_1000_20221116090826/
directory creation success
./checkpoints/mpi_1000_20221116090826/
./checkpoints/mpi_1000_20221116090826/
./checkpoints/mpi_1000_20221116090826/
./checkpoints/mpi_1000_20221116090826/
./checkpoints/mpi_1000_20221116090826/
./checkpoints/mpi_1000_20221116090826/
./checkpoints/mpi_1000_20221116090826/
./checkpoints/mpi_1000_20221116090826/
./checkpoints/mpi_1000_20221116090826/
./checkpoints/mpi_1000_20221116090826/
./checkpoints/mpi_1000_20221116090826/
./checkpoints/mpi_1000_20221116090826/
./checkpoints/mpi_1000_20221116090826/
./checkpoints/mpi_1000_20221116090826/
./checkpoints/mpi_1000_20221116090826/
./checkpoints/mpi_1000_20221116090826/
directory creation failed
Iteration 0, elapsed time: 0.10494651
./checkpoints/mpi_1000_20221116090826/
Iteration 1, elapsed time: 0.11000902
./checkpoints/mpi_1000_20221116090826/
Iteration 2, elapsed time: 0.12118383
./checkpoints/mpi_1000_20221116090826/
Iteration 3, elapsed time: 0.09316281
./checkpoints/mpi_1000_20221116090826/
Iteration 4, elapsed time: 0.12800689
./checkpoints/mpi_1000_20221116090826/
Iteration 5, elapsed time: 0.10000850
./checkpoints/mpi_1000_20221116090826/
Iteration 6, elapsed time: 0.10501653
./checkpoints/mpi_1000_20221116090826/
Iteration 7, elapsed time: 0.15587415
./checkpoints/mpi_1000_20221116090826/
Iteration 8, elapsed time: 0.14295165
./checkpoints/mpi_1000_20221116090826/
Iteration 9, elapsed time: 0.11100966
./checkpoints/mpi_1000_20221116090826/
Student ID: 119010434
Name: Zhang Qihang
Assignment 3: N Body Simulation MPI Implementation
./checkpoints/mpi_10000_20221116090828/
./checkpoints/mpi_10000_20221116090828/
./checkpoints/mpi_10000_20221116090828/
./checkpoints/mpi_10000_20221116090828/
./checkpoints/mpi_10000_20221116090828/
./checkpoints/mpi_10000_20221116090828/
./checkpoints/mpi_10000_20221116090828/
./checkpoints/mpi_10000_20221116090828/
./checkpoints/mpi_10000_20221116090828/
./checkpoints/mpi_10000_20221116090828/
./checkpoints/mpi_10000_20221116090828/
./checkpoints/mpi_10000_20221116090828/
./checkpoints/mpi_10000_20221116090828/
./checkpoints/mpi_10000_20221116090828/
./checkpoints/mpi_10000_20221116090828/./checkpoints/mpi_10000_20221116090828/
./checkpoints/mpi_10000_20221116090828/
./checkpoints/mpi_10000_20221116090828/
./checkpoints/mpi_10000_20221116090828/

directory creation success
./checkpoints/mpi_10000_20221116090828/
./checkpoints/mpi_10000_20221116090828/
./checkpoints/mpi_10000_20221116090828/
./checkpoints/mpi_10000_20221116090828/
./checkpoints/mpi_10000_20221116090828/./checkpoints/mpi_10000_20221116090828/
./checkpoints/mpi_10000_20221116090828/

./checkpoints/mpi_10000_20221116090828/
./checkpoints/mpi_10000_20221116090828/
directory creation failed
Iteration 0, elapsed time: 1.23702746
./checkpoints/mpi_10000_20221116090828/
Iteration 1, elapsed time: 1.18871151
./checkpoints/mpi_10000_20221116090828/
Iteration 2, elapsed time: 1.28005150
./checkpoints/mpi_10000_20221116090828/
Iteration 3, elapsed time: 1.19303886
./checkpoints/mpi_10000_20221116090828/
Iteration 4, elapsed time: 1.25068970
./checkpoints/mpi_10000_20221116090828/
Iteration 5, elapsed time: 1.18559089
./checkpoints/mpi_10000_20221116090828/
Iteration 6, elapsed time: 1.18973045
./checkpoints/mpi_10000_20221116090828/
Iteration 7, elapsed time: 1.38458017
./checkpoints/mpi_10000_20221116090828/
Iteration 8, elapsed time: 1.45364938
./checkpoints/mpi_10000_20221116090828/
Iteration 9, elapsed time: 1.22204311
./checkpoints/mpi_10000_20221116090828/
Student ID: 119010434
Name: Zhang Qihang
Assignment 3: N Body Simulation MPI Implementation
./checkpoints/mpi_100_20221116090842/./checkpoints/mpi_100_20221116090842/
./checkpoints/mpi_100_20221116090842/
./checkpoints/mpi_100_20221116090842/
./checkpoints/mpi_100_20221116090842/
./checkpoints/mpi_100_20221116090842/
./checkpoints/mpi_100_20221116090842/
./checkpoints/mpi_100_20221116090842/
./checkpoints/mpi_100_20221116090842/./checkpoints/mpi_100_20221116090842/
./checkpoints/mpi_100_20221116090842/
./checkpoints/mpi_100_20221116090842/
./checkpoints/mpi_100_20221116090842/
./checkpoints/mpi_100_20221116090842/./checkpoints/mpi_100_20221116090842/
./checkpoints/mpi_100_20221116090842/


./checkpoints/mpi_100_20221116090842/
./checkpoints/mpi_100_20221116090842/

./checkpoints/mpi_100_20221116090842/
./checkpoints/mpi_100_20221116090842/
./checkpoints/mpi_100_20221116090842/
./checkpoints/mpi_100_20221116090842/
./checkpoints/mpi_100_20221116090842/
./checkpoints/mpi_100_20221116090842/
./checkpoints/mpi_100_20221116090842/
./checkpoints/mpi_100_20221116090842/
./checkpoints/mpi_100_20221116090842/
directory creation success
./checkpoints/mpi_100_20221116090842/
./checkpoints/mpi_100_20221116090842/
./checkpoints/mpi_100_20221116090842/./checkpoints/mpi_100_20221116090842/
./checkpoints/mpi_100_20221116090842/
directory creation failed
directory creation failed
directory creation failed
directory creation failed

directory creation failed
directory creation failed
directory creation failed
directory creation failed
directory creation failed
directory creation failed
directory creation failed
Iteration 0, elapsed time: 0.13899282
./checkpoints/mpi_100_20221116090842/
Iteration 1, elapsed time: 0.10062018
./checkpoints/mpi_100_20221116090842/
Iteration 2, elapsed time: 0.10667066
./checkpoints/mpi_100_20221116090842/
Iteration 3, elapsed time: 0.12435206
./checkpoints/mpi_100_20221116090842/
Iteration 4, elapsed time: 0.13386154
./checkpoints/mpi_100_20221116090842/
Iteration 5, elapsed time: 0.12398793
./checkpoints/mpi_100_20221116090842/
Iteration 6, elapsed time: 0.13235238
./checkpoints/mpi_100_20221116090842/
Iteration 7, elapsed time: 0.13926921
./checkpoints/mpi_100_20221116090842/
Iteration 8, elapsed time: 0.14830646
./checkpoints/mpi_100_20221116090842/
Iteration 9, elapsed time: 0.15277562
./checkpoints/mpi_100_20221116090842/
Student ID: 119010434
Name: Zhang Qihang
Assignment 3: N Body Simulation MPI Implementation
./checkpoints/mpi_1000_20221116090844/
./checkpoints/mpi_1000_20221116090844/
./checkpoints/mpi_1000_20221116090844/
./checkpoints/mpi_1000_20221116090844/./checkpoints/mpi_1000_20221116090844/
./checkpoints/mpi_1000_20221116090844/
./checkpoints/mpi_1000_20221116090844/
./checkpoints/mpi_1000_20221116090844/
./checkpoints/mpi_1000_20221116090844/

directory creation success
./checkpoints/mpi_1000_20221116090844/
./checkpoints/mpi_1000_20221116090844/
./checkpoints/mpi_1000_20221116090844/
./checkpoints/mpi_1000_20221116090844/
./checkpoints/mpi_1000_20221116090844/
./checkpoints/mpi_1000_20221116090844/
./checkpoints/mpi_1000_20221116090844/
./checkpoints/mpi_1000_20221116090844/
./checkpoints/mpi_1000_20221116090844/
./checkpoints/mpi_1000_20221116090844/
./checkpoints/mpi_1000_20221116090844/
./checkpoints/mpi_1000_20221116090844/
./checkpoints/mpi_1000_20221116090844/
./checkpoints/mpi_1000_20221116090844/
./checkpoints/mpi_1000_20221116090844/
./checkpoints/mpi_1000_20221116090844/
./checkpoints/mpi_1000_20221116090844/
./checkpoints/mpi_1000_20221116090844/./checkpoints/mpi_1000_20221116090844/
./checkpoints/mpi_1000_20221116090844/

./checkpoints/mpi_1000_20221116090844/
./checkpoints/mpi_1000_20221116090844/
./checkpoints/mpi_1000_20221116090844/
directory creation failed
Iteration 0, elapsed time: 0.11302183
./checkpoints/mpi_1000_20221116090844/
Iteration 1, elapsed time: 0.15144254
./checkpoints/mpi_1000_20221116090844/
Iteration 2, elapsed time: 0.15456801
./checkpoints/mpi_1000_20221116090844/
Iteration 3, elapsed time: 0.13083077
./checkpoints/mpi_1000_20221116090844/
Iteration 4, elapsed time: 0.10256915
./checkpoints/mpi_1000_20221116090844/
Iteration 5, elapsed time: 0.09913098
./checkpoints/mpi_1000_20221116090844/
Iteration 6, elapsed time: 0.15586303
./checkpoints/mpi_1000_20221116090844/
Iteration 7, elapsed time: 0.10863175
./checkpoints/mpi_1000_20221116090844/
Iteration 8, elapsed time: 0.15812220
./checkpoints/mpi_1000_20221116090844/
Iteration 9, elapsed time: 0.13473287
./checkpoints/mpi_1000_20221116090844/
Student ID: 119010434
Name: Zhang Qihang
Assignment 3: N Body Simulation MPI Implementation
./checkpoints/mpi_10000_20221116090846/
./checkpoints/mpi_10000_20221116090846/./checkpoints/mpi_10000_20221116090846/
./checkpoints/mpi_10000_20221116090846/
./checkpoints/mpi_10000_20221116090846/
./checkpoints/mpi_10000_20221116090846/
./checkpoints/mpi_10000_20221116090846/
./checkpoints/mpi_10000_20221116090846/
./checkpoints/mpi_10000_20221116090846/
./checkpoints/mpi_10000_20221116090846/
./checkpoints/mpi_10000_20221116090846/
./checkpoints/mpi_10000_20221116090846/
./checkpoints/mpi_10000_20221116090846/./checkpoints/mpi_10000_20221116090846/./checkpoints/mpi_10000_20221116090846/
./checkpoints/mpi_10000_20221116090846/
./checkpoints/mpi_10000_20221116090846/

directory creation success

./checkpoints/mpi_10000_20221116090846/
./checkpoints/mpi_10000_20221116090846/
./checkpoints/mpi_10000_20221116090846/
./checkpoints/mpi_10000_20221116090846/
./checkpoints/mpi_10000_20221116090846/
./checkpoints/mpi_10000_20221116090846/
./checkpoints/mpi_10000_20221116090846/
./checkpoints/mpi_10000_20221116090846/./checkpoints/mpi_10000_20221116090846/

./checkpoints/mpi_10000_20221116090846/
./checkpoints/mpi_10000_20221116090846/
./checkpoints/mpi_10000_20221116090846/
./checkpoints/mpi_10000_20221116090846/

./checkpoints/mpi_10000_20221116090846/
./checkpoints/mpi_10000_20221116090846/
directory creation failed
directory creation failed
directory creation failed
Iteration 0, elapsed time: 1.12109664
./checkpoints/mpi_10000_20221116090846/
Iteration 1, elapsed time: 1.29582993
./checkpoints/mpi_10000_20221116090846/
Iteration 2, elapsed time: 1.18455576
./checkpoints/mpi_10000_20221116090846/
Iteration 3, elapsed time: 1.30614312
./checkpoints/mpi_10000_20221116090846/
Iteration 4, elapsed time: 1.30479078
./checkpoints/mpi_10000_20221116090846/
Iteration 5, elapsed time: 1.29450595
./checkpoints/mpi_10000_20221116090846/
Iteration 6, elapsed time: 1.07930407
./checkpoints/mpi_10000_20221116090846/
Iteration 7, elapsed time: 1.02531417
./checkpoints/mpi_10000_20221116090846/
Iteration 8, elapsed time: 1.21114683
./checkpoints/mpi_10000_20221116090846/
Iteration 9, elapsed time: 1.23863668
./checkpoints/mpi_10000_20221116090846/
Student ID: 119010434
Name: Zhang Qihang
Assignment 3: N Body Simulation MPI Implementation
./checkpoints/mpi_100_20221116090859/
./checkpoints/mpi_100_20221116090859/
./checkpoints/mpi_100_20221116090859/
./checkpoints/mpi_100_20221116090859/./checkpoints/mpi_100_20221116090859/
./checkpoints/mpi_100_20221116090859/
./checkpoints/mpi_100_20221116090859/
./checkpoints/mpi_100_20221116090859/
./checkpoints/mpi_100_20221116090859/./checkpoints/mpi_100_20221116090859/
./checkpoints/mpi_100_20221116090859/
./checkpoints/mpi_100_20221116090859/

./checkpoints/mpi_100_20221116090859/
./checkpoints/mpi_100_20221116090859/
./checkpoints/mpi_100_20221116090859/
./checkpoints/mpi_100_20221116090859/
./checkpoints/mpi_100_20221116090859/
./checkpoints/mpi_100_20221116090859/./checkpoints/mpi_100_20221116090859/
./checkpoints/mpi_100_20221116090859/
./checkpoints/mpi_100_20221116090859/
./checkpoints/mpi_100_20221116090859/
./checkpoints/mpi_100_20221116090859/

./checkpoints/mpi_100_20221116090859/
./checkpoints/mpi_100_20221116090859/
./checkpoints/mpi_100_20221116090859/
./checkpoints/mpi_100_20221116090859/
./checkpoints/mpi_100_20221116090859/
./checkpoints/mpi_100_20221116090859/
./checkpoints/mpi_100_20221116090859/
./checkpoints/mpi_100_20221116090859/
./checkpoints/mpi_100_20221116090859/

./checkpoints/mpi_100_20221116090859/
./checkpoints/mpi_100_20221116090859/
./checkpoints/mpi_100_20221116090859/
./checkpoints/mpi_100_20221116090859/
directory creation success
directory creation failed
directory creation failed
directory creation failed
Iteration 0, elapsed time: 0.18899802
./checkpoints/mpi_100_20221116090859/
Iteration 1, elapsed time: 0.21818378
./checkpoints/mpi_100_20221116090859/
Iteration 2, elapsed time: 0.16620051
./checkpoints/mpi_100_20221116090859/
Iteration 3, elapsed time: 0.19249016
./checkpoints/mpi_100_20221116090859/
Iteration 4, elapsed time: 0.17800451
./checkpoints/mpi_100_20221116090859/
Iteration 5, elapsed time: 0.15800541
./checkpoints/mpi_100_20221116090859/
Iteration 6, elapsed time: 0.15604654
./checkpoints/mpi_100_20221116090859/
Iteration 7, elapsed time: 0.15594878
./checkpoints/mpi_100_20221116090859/
Iteration 8, elapsed time: 0.13191812
./checkpoints/mpi_100_20221116090859/
Iteration 9, elapsed time: 0.17200371
./checkpoints/mpi_100_20221116090859/
Student ID: 119010434
Name: Zhang Qihang
Assignment 3: N Body Simulation MPI Implementation
./checkpoints/mpi_1000_20221116090901/
./checkpoints/mpi_1000_20221116090901/./checkpoints/mpi_1000_20221116090901/
./checkpoints/mpi_1000_20221116090901/
./checkpoints/mpi_1000_20221116090901/
./checkpoints/mpi_1000_20221116090901/
./checkpoints/mpi_1000_20221116090901/./checkpoints/mpi_1000_20221116090901/
./checkpoints/mpi_1000_20221116090901/
./checkpoints/mpi_1000_20221116090901/

directory creation success
./checkpoints/mpi_1000_20221116090901/
./checkpoints/mpi_1000_20221116090901/
./checkpoints/mpi_1000_20221116090901/
./checkpoints/mpi_1000_20221116090901/
./checkpoints/mpi_1000_20221116090901/
./checkpoints/mpi_1000_20221116090901/
./checkpoints/mpi_1000_20221116090901/
./checkpoints/mpi_1000_20221116090901/
./checkpoints/mpi_1000_20221116090901/
./checkpoints/mpi_1000_20221116090901/
./checkpoints/mpi_1000_20221116090901/
./checkpoints/mpi_1000_20221116090901/
./checkpoints/mpi_1000_20221116090901/
./checkpoints/mpi_1000_20221116090901/
./checkpoints/mpi_1000_20221116090901/
./checkpoints/mpi_1000_20221116090901/
./checkpoints/mpi_1000_20221116090901/
./checkpoints/mpi_1000_20221116090901/
./checkpoints/mpi_1000_20221116090901/

./checkpoints/mpi_1000_20221116090901/
./checkpoints/mpi_1000_20221116090901/
./checkpoints/mpi_1000_20221116090901/
./checkpoints/mpi_1000_20221116090901/
./checkpoints/mpi_1000_20221116090901/
directory creation failed
./checkpoints/mpi_1000_20221116090901/
./checkpoints/mpi_1000_20221116090901/
directory creation failed
Iteration 0, elapsed time: 0.13703124
./checkpoints/mpi_1000_20221116090901/
Iteration 1, elapsed time: 0.16500951
./checkpoints/mpi_1000_20221116090901/
Iteration 2, elapsed time: 0.15689660
./checkpoints/mpi_1000_20221116090901/
Iteration 3, elapsed time: 0.16202555
./checkpoints/mpi_1000_20221116090901/
Iteration 4, elapsed time: 0.13370726
./checkpoints/mpi_1000_20221116090901/
Iteration 5, elapsed time: 0.15562565
./checkpoints/mpi_1000_20221116090901/
Iteration 6, elapsed time: 0.12710673
./checkpoints/mpi_1000_20221116090901/
Iteration 7, elapsed time: 0.14869308
./checkpoints/mpi_1000_20221116090901/
Iteration 8, elapsed time: 0.13921260
./checkpoints/mpi_1000_20221116090901/
Iteration 9, elapsed time: 0.16788453
./checkpoints/mpi_1000_20221116090901/
Student ID: 119010434
Name: Zhang Qihang
Assignment 3: N Body Simulation MPI Implementation
./checkpoints/mpi_10000_20221116090903/
./checkpoints/mpi_10000_20221116090903/
./checkpoints/mpi_10000_20221116090903/
./checkpoints/mpi_10000_20221116090903/
./checkpoints/mpi_10000_20221116090903/
./checkpoints/mpi_10000_20221116090903/./checkpoints/mpi_10000_20221116090903/./checkpoints/mpi_10000_20221116090903/
./checkpoints/mpi_10000_20221116090903/

directory creation success
directory creation failed
./checkpoints/mpi_10000_20221116090903/
./checkpoints/mpi_10000_20221116090903/
./checkpoints/mpi_10000_20221116090903/
./checkpoints/mpi_10000_20221116090903/
./checkpoints/mpi_10000_20221116090903/
./checkpoints/mpi_10000_20221116090903/
./checkpoints/mpi_10000_20221116090903/
./checkpoints/mpi_10000_20221116090903/
./checkpoints/mpi_10000_20221116090903/
./checkpoints/mpi_10000_20221116090903/
./checkpoints/mpi_10000_20221116090903/
./checkpoints/mpi_10000_20221116090903/
./checkpoints/mpi_10000_20221116090903/
./checkpoints/mpi_10000_20221116090903/
./checkpoints/mpi_10000_20221116090903/
./checkpoints/mpi_10000_20221116090904/
./checkpoints/mpi_10000_20221116090904/

./checkpoints/mpi_10000_20221116090903/./checkpoints/mpi_10000_20221116090903/
./checkpoints/mpi_10000_20221116090903/
./checkpoints/mpi_10000_20221116090904/
./checkpoints/mpi_10000_20221116090904/
./checkpoints/mpi_10000_20221116090903/
directory creation success

./checkpoints/mpi_10000_20221116090903/
directory creation failed
directory creation failed
directory creation failed
./checkpoints/mpi_10000_20221116090904/
./checkpoints/mpi_10000_20221116090904/
./checkpoints/mpi_10000_20221116090904/
Iteration 0, elapsed time: 1.43707749
./checkpoints/mpi_10000_20221116090903/
Iteration 1, elapsed time: 1.47053938
./checkpoints/mpi_10000_20221116090903/
Iteration 2, elapsed time: 1.46019998
./checkpoints/mpi_10000_20221116090903/
Iteration 3, elapsed time: 1.37103122
./checkpoints/mpi_10000_20221116090903/
Iteration 4, elapsed time: 1.39405778
./checkpoints/mpi_10000_20221116090903/
Iteration 5, elapsed time: 1.40653433
./checkpoints/mpi_10000_20221116090903/
Iteration 6, elapsed time: 1.38806431
./checkpoints/mpi_10000_20221116090903/
Iteration 7, elapsed time: 1.29202856
./checkpoints/mpi_10000_20221116090903/
Iteration 8, elapsed time: 1.42664288
./checkpoints/mpi_10000_20221116090903/
Iteration 9, elapsed time: 1.46601115
./checkpoints/mpi_10000_20221116090903/
Student ID: 119010434
Name: Zhang Qihang
Assignment 3: N Body Simulation MPI Implementation
