./checkpoints/sequential_100_20221116072022/
directory creation success
Iteration 0, elapsed time: 0.00159307
./checkpoints/sequential_100_20221116072022/
Iteration 1, elapsed time: 0.00178199
./checkpoints/sequential_100_20221116072022/
Iteration 2, elapsed time: 0.00139837
./checkpoints/sequential_100_20221116072022/
Iteration 3, elapsed time: 0.00139011
./checkpoints/sequential_100_20221116072022/
Iteration 4, elapsed time: 0.00146313
./checkpoints/sequential_100_20221116072022/
Iteration 5, elapsed time: 0.00147541
./checkpoints/sequential_100_20221116072022/
Iteration 6, elapsed time: 0.00136804
./checkpoints/sequential_100_20221116072022/
Iteration 7, elapsed time: 0.00144967
./checkpoints/sequential_100_20221116072022/
Iteration 8, elapsed time: 0.00138314
./checkpoints/sequential_100_20221116072022/
Iteration 9, elapsed time: 0.00145176
./checkpoints/sequential_100_20221116072022/
TASK is over!./checkpoints/sequential_1000_20221116072022/
directory creation success
Iteration 0, elapsed time: 0.05774932
./checkpoints/sequential_1000_20221116072022/
Iteration 1, elapsed time: 0.04860395
./checkpoints/sequential_1000_20221116072022/
Iteration 2, elapsed time: 0.04922724
./checkpoints/sequential_1000_20221116072022/
Iteration 3, elapsed time: 0.04888198
./checkpoints/sequential_1000_20221116072022/
Iteration 4, elapsed time: 0.05289600
./checkpoints/sequential_1000_20221116072022/
Iteration 5, elapsed time: 0.05111847
./checkpoints/sequential_1000_20221116072022/
Iteration 6, elapsed time: 0.05035674
./checkpoints/sequential_1000_20221116072022/
Iteration 7, elapsed time: 0.05189003
./checkpoints/sequential_1000_20221116072022/
Iteration 8, elapsed time: 0.05691189
./checkpoints/sequential_1000_20221116072022/
Iteration 9, elapsed time: 0.05779298
./checkpoints/sequential_1000_20221116072022/
TASK is over!./checkpoints/sequential_10000_20221116072022/
directory creation success
Iteration 0, elapsed time: 3.43488820
./checkpoints/sequential_10000_20221116072022/
Iteration 1, elapsed time: 3.38474217
./checkpoints/sequential_10000_20221116072022/
Iteration 2, elapsed time: 3.26344269
./checkpoints/sequential_10000_20221116072022/
Iteration 3, elapsed time: 3.25403478
./checkpoints/sequential_10000_20221116072022/
Iteration 4, elapsed time: 3.26607330
./checkpoints/sequential_10000_20221116072022/
Iteration 5, elapsed time: 3.22807815
./checkpoints/sequential_10000_20221116072022/
Iteration 6, elapsed time: 3.20470347
./checkpoints/sequential_10000_20221116072022/
Iteration 7, elapsed time: 3.18447568
./checkpoints/sequential_10000_20221116072022/
Iteration 8, elapsed time: 3.23827592
./checkpoints/sequential_10000_20221116072022/
Iteration 9, elapsed time: 3.22711615
./checkpoints/sequential_10000_20221116072022/
TASK is over!./checkpoints/sequential_100_20221116072056/
directory creation success
Iteration 0, elapsed time: 0.00123656
./checkpoints/sequential_100_20221116072056/
Iteration 1, elapsed time: 0.00111357
./checkpoints/sequential_100_20221116072056/
Iteration 2, elapsed time: 0.00103826
./checkpoints/sequential_100_20221116072056/
Iteration 3, elapsed time: 0.00105615
./checkpoints/sequential_100_20221116072056/
Iteration 4, elapsed time: 0.00110418
./checkpoints/sequential_100_20221116072056/
Iteration 5, elapsed time: 0.00110201
./checkpoints/sequential_100_20221116072056/
Iteration 6, elapsed time: 0.00105973
./checkpoints/sequential_100_20221116072056/
Iteration 7, elapsed time: 0.00098719
./checkpoints/sequential_100_20221116072056/
Iteration 8, elapsed time: 0.00098377
./checkpoints/sequential_100_20221116072056/
Iteration 9, elapsed time: 0.00106896
./checkpoints/sequential_100_20221116072056/
TASK is over!./checkpoints/sequential_1000_20221116072056/
directory creation success
Iteration 0, elapsed time: 0.03773054
./checkpoints/sequential_1000_20221116072056/
Iteration 1, elapsed time: 0.02899044
./checkpoints/sequential_1000_20221116072056/
Iteration 2, elapsed time: 0.02824278
./checkpoints/sequential_1000_20221116072056/
Iteration 3, elapsed time: 0.02672448
./checkpoints/sequential_1000_20221116072056/
Iteration 4, elapsed time: 0.03633265
./checkpoints/sequential_1000_20221116072056/
Iteration 5, elapsed time: 0.03064408
./checkpoints/sequential_1000_20221116072056/
Iteration 6, elapsed time: 0.02912960
./checkpoints/sequential_1000_20221116072056/
Iteration 7, elapsed time: 0.02970731
./checkpoints/sequential_1000_20221116072056/
Iteration 8, elapsed time: 0.02890467
./checkpoints/sequential_1000_20221116072056/
Iteration 9, elapsed time: 0.02859908
./checkpoints/sequential_1000_20221116072056/
TASK is over!./checkpoints/sequential_10000_20221116072056/
directory creation success
Iteration 0, elapsed time: 1.73604757
./checkpoints/sequential_10000_20221116072056/
Iteration 1, elapsed time: 1.71896110
./checkpoints/sequential_10000_20221116072056/
Iteration 2, elapsed time: 1.65623736
./checkpoints/sequential_10000_20221116072056/
Iteration 3, elapsed time: 1.64808259
./checkpoints/sequential_10000_20221116072056/
Iteration 4, elapsed time: 1.63871338
./checkpoints/sequential_10000_20221116072056/
Iteration 5, elapsed time: 1.63649054
./checkpoints/sequential_10000_20221116072056/
Iteration 6, elapsed time: 1.62818095
./checkpoints/sequential_10000_20221116072056/
Iteration 7, elapsed time: 1.62425590
./checkpoints/sequential_10000_20221116072056/
Iteration 8, elapsed time: 1.64330406
./checkpoints/sequential_10000_20221116072056/
Iteration 9, elapsed time: 1.62965902
./checkpoints/sequential_10000_20221116072056/
TASK is over!./checkpoints/sequential_100_20221116072114/
directory creation success
Iteration 0, elapsed time: 0.00121747
./checkpoints/sequential_100_20221116072114/
Iteration 1, elapsed time: 0.00109154
./checkpoints/sequential_100_20221116072114/
Iteration 2, elapsed time: 0.00109356
./checkpoints/sequential_100_20221116072114/
Iteration 3, elapsed time: 0.00109746
./checkpoints/sequential_100_20221116072114/
Iteration 4, elapsed time: 0.00108761
./checkpoints/sequential_100_20221116072114/
Iteration 5, elapsed time: 0.00109436
./checkpoints/sequential_100_20221116072114/
Iteration 6, elapsed time: 0.00114598
./checkpoints/sequential_100_20221116072114/
Iteration 7, elapsed time: 0.00109930
./checkpoints/sequential_100_20221116072114/
Iteration 8, elapsed time: 0.00109766
./checkpoints/sequential_100_20221116072114/
Iteration 9, elapsed time: 0.00105650
./checkpoints/sequential_100_20221116072114/
TASK is over!./checkpoints/sequential_1000_20221116072114/
directory creation success
Iteration 0, elapsed time: 0.03361918
./checkpoints/sequential_1000_20221116072114/
Iteration 1, elapsed time: 0.02814439
./checkpoints/sequential_1000_20221116072114/
Iteration 2, elapsed time: 0.02570043
./checkpoints/sequential_1000_20221116072114/
Iteration 3, elapsed time: 0.02885919
./checkpoints/sequential_1000_20221116072114/
Iteration 4, elapsed time: 0.03117828
./checkpoints/sequential_1000_20221116072114/
Iteration 5, elapsed time: 0.03194990
./checkpoints/sequential_1000_20221116072114/
Iteration 6, elapsed time: 0.02947391
./checkpoints/sequential_1000_20221116072114/
Iteration 7, elapsed time: 0.02665901
./checkpoints/sequential_1000_20221116072114/
Iteration 8, elapsed time: 0.02825157
./checkpoints/sequential_1000_20221116072114/
Iteration 9, elapsed time: 0.03264820
./checkpoints/sequential_1000_20221116072114/
TASK is over!./checkpoints/sequential_10000_20221116072114/
directory creation success
Iteration 0, elapsed time: 1.37391257
./checkpoints/sequential_10000_20221116072114/
Iteration 1, elapsed time: 1.35406811
./checkpoints/sequential_10000_20221116072114/
Iteration 2, elapsed time: 1.35258755
./checkpoints/sequential_10000_20221116072114/
Iteration 3, elapsed time: 1.30300792
./checkpoints/sequential_10000_20221116072114/
Iteration 4, elapsed time: 1.32222217
./checkpoints/sequential_10000_20221116072114/
Iteration 5, elapsed time: 1.29982268
./checkpoints/sequential_10000_20221116072114/
Iteration 6, elapsed time: 1.28946450
./checkpoints/sequential_10000_20221116072114/
Iteration 7, elapsed time: 1.30598753
./checkpoints/sequential_10000_20221116072114/
Iteration 8, elapsed time: 1.31344403
./checkpoints/sequential_10000_20221116072114/
Iteration 9, elapsed time: 1.25208313
./checkpoints/sequential_10000_20221116072114/
TASK is over!./checkpoints/sequential_100_20221116072128/
directory creation success
Iteration 0, elapsed time: 0.00132612
./checkpoints/sequential_100_20221116072128/
Iteration 1, elapsed time: 0.00116099
./checkpoints/sequential_100_20221116072128/
Iteration 2, elapsed time: 0.00111859
./checkpoints/sequential_100_20221116072128/
Iteration 3, elapsed time: 0.00117929
./checkpoints/sequential_100_20221116072128/
Iteration 4, elapsed time: 0.00107229
./checkpoints/sequential_100_20221116072128/
Iteration 5, elapsed time: 0.00111290
./checkpoints/sequential_100_20221116072128/
Iteration 6, elapsed time: 0.00112690
./checkpoints/sequential_100_20221116072128/
Iteration 7, elapsed time: 0.00117552
./checkpoints/sequential_100_20221116072128/
Iteration 8, elapsed time: 0.00124976
./checkpoints/sequential_100_20221116072128/
Iteration 9, elapsed time: 0.00110404
./checkpoints/sequential_100_20221116072128/
TASK is over!./checkpoints/sequential_1000_20221116072128/
directory creation success
Iteration 0, elapsed time: 0.02801003
./checkpoints/sequential_1000_20221116072128/
Iteration 1, elapsed time: 0.02510341
./checkpoints/sequential_1000_20221116072128/
Iteration 2, elapsed time: 0.02085506
./checkpoints/sequential_1000_20221116072128/
Iteration 3, elapsed time: 0.02236439
./checkpoints/sequential_1000_20221116072128/
Iteration 4, elapsed time: 0.02964214
./checkpoints/sequential_1000_20221116072128/
Iteration 5, elapsed time: 0.03153710
./checkpoints/sequential_1000_20221116072128/
Iteration 6, elapsed time: 0.02948923
./checkpoints/sequential_1000_20221116072128/
Iteration 7, elapsed time: 0.02831993
./checkpoints/sequential_1000_20221116072128/
Iteration 8, elapsed time: 0.02341632
./checkpoints/sequential_1000_20221116072128/
Iteration 9, elapsed time: 0.02299645
./checkpoints/sequential_1000_20221116072128/
TASK is over!./checkpoints/sequential_10000_20221116072129/
directory creation success
Iteration 0, elapsed time: 1.14895449
./checkpoints/sequential_10000_20221116072129/
Iteration 1, elapsed time: 1.12938205
./checkpoints/sequential_10000_20221116072129/
Iteration 2, elapsed time: 1.10329498
./checkpoints/sequential_10000_20221116072129/
Iteration 3, elapsed time: 1.10067063
./checkpoints/sequential_10000_20221116072129/
Iteration 4, elapsed time: 1.07054625
./checkpoints/sequential_10000_20221116072129/
Iteration 5, elapsed time: 1.09078237
./checkpoints/sequential_10000_20221116072129/
Iteration 6, elapsed time: 1.05442097
./checkpoints/sequential_10000_20221116072129/
Iteration 7, elapsed time: 1.07009776
./checkpoints/sequential_10000_20221116072129/
Iteration 8, elapsed time: 1.09021699
./checkpoints/sequential_10000_20221116072129/
Iteration 9, elapsed time: 1.06414245
./checkpoints/sequential_10000_20221116072129/
TASK is over!./checkpoints/sequential_100_20221116072140/
directory creation success
Iteration 0, elapsed time: 0.00148786
./checkpoints/sequential_100_20221116072140/
Iteration 1, elapsed time: 0.00124409
./checkpoints/sequential_100_20221116072140/
Iteration 2, elapsed time: 0.00128057
./checkpoints/sequential_100_20221116072140/
Iteration 3, elapsed time: 0.00123426
./checkpoints/sequential_100_20221116072140/
Iteration 4, elapsed time: 0.00129255
./checkpoints/sequential_100_20221116072140/
Iteration 5, elapsed time: 0.00201625
./checkpoints/sequential_100_20221116072140/
Iteration 6, elapsed time: 0.00129591
./checkpoints/sequential_100_20221116072140/
Iteration 7, elapsed time: 0.00125790
./checkpoints/sequential_100_20221116072140/
Iteration 8, elapsed time: 0.00128682
./checkpoints/sequential_100_20221116072140/
Iteration 9, elapsed time: 0.00125976
./checkpoints/sequential_100_20221116072140/
TASK is over!./checkpoints/sequential_1000_20221116072140/
directory creation success
Iteration 0, elapsed time: 0.03141512
./checkpoints/sequential_1000_20221116072140/
Iteration 1, elapsed time: 0.02716091
./checkpoints/sequential_1000_20221116072140/
Iteration 2, elapsed time: 0.02402387
./checkpoints/sequential_1000_20221116072140/
Iteration 3, elapsed time: 0.02968553
./checkpoints/sequential_1000_20221116072140/
Iteration 4, elapsed time: 0.02657853
./checkpoints/sequential_1000_20221116072140/
Iteration 5, elapsed time: 0.02350007
./checkpoints/sequential_1000_20221116072140/
Iteration 6, elapsed time: 0.02313178
./checkpoints/sequential_1000_20221116072140/
Iteration 7, elapsed time: 0.02182156
./checkpoints/sequential_1000_20221116072140/
Iteration 8, elapsed time: 0.02208776
./checkpoints/sequential_1000_20221116072140/
Iteration 9, elapsed time: 0.02133352
./checkpoints/sequential_1000_20221116072140/
TASK is over!./checkpoints/sequential_10000_20221116072141/
directory creation success
Iteration 0, elapsed time: 0.95372520
./checkpoints/sequential_10000_20221116072141/
Iteration 1, elapsed time: 0.95192424
./checkpoints/sequential_10000_20221116072141/
Iteration 2, elapsed time: 0.93369636
./checkpoints/sequential_10000_20221116072141/
Iteration 3, elapsed time: 0.92279971
./checkpoints/sequential_10000_20221116072141/
Iteration 4, elapsed time: 0.91294390
./checkpoints/sequential_10000_20221116072141/
Iteration 5, elapsed time: 0.92181348
./checkpoints/sequential_10000_20221116072141/
Iteration 6, elapsed time: 0.90378126
./checkpoints/sequential_10000_20221116072141/
Iteration 7, elapsed time: 0.91192939
./checkpoints/sequential_10000_20221116072141/
Iteration 8, elapsed time: 0.91795635
./checkpoints/sequential_10000_20221116072141/
Iteration 9, elapsed time: 0.90105417
./checkpoints/sequential_10000_20221116072141/
TASK is over!./checkpoints/sequential_100_20221116072150/
directory creation success
Iteration 0, elapsed time: 0.00155024
./checkpoints/sequential_100_20221116072150/
Iteration 1, elapsed time: 0.00107207
./checkpoints/sequential_100_20221116072150/
Iteration 2, elapsed time: 0.00136698
./checkpoints/sequential_100_20221116072150/
Iteration 3, elapsed time: 0.00115862
./checkpoints/sequential_100_20221116072150/
Iteration 4, elapsed time: 0.00114090
./checkpoints/sequential_100_20221116072150/
Iteration 5, elapsed time: 0.00114529
./checkpoints/sequential_100_20221116072150/
Iteration 6, elapsed time: 0.00121423
./checkpoints/sequential_100_20221116072150/
Iteration 7, elapsed time: 0.00119320
./checkpoints/sequential_100_20221116072150/
Iteration 8, elapsed time: 0.00126446
./checkpoints/sequential_100_20221116072150/
Iteration 9, elapsed time: 0.00133757
./checkpoints/sequential_100_20221116072150/
TASK is over!./checkpoints/sequential_1000_20221116072151/
directory creation success
Iteration 0, elapsed time: 0.03456438
./checkpoints/sequential_1000_20221116072151/
Iteration 1, elapsed time: 0.02813422
./checkpoints/sequential_1000_20221116072151/
Iteration 2, elapsed time: 0.02398135
./checkpoints/sequential_1000_20221116072151/
Iteration 3, elapsed time: 0.02327204
./checkpoints/sequential_1000_20221116072151/
Iteration 4, elapsed time: 0.03177826
./checkpoints/sequential_1000_20221116072151/
Iteration 5, elapsed time: 0.02610555
./checkpoints/sequential_1000_20221116072151/
Iteration 6, elapsed time: 0.02864043
./checkpoints/sequential_1000_20221116072151/
Iteration 7, elapsed time: 0.02552867
./checkpoints/sequential_1000_20221116072151/
Iteration 8, elapsed time: 0.02516566
./checkpoints/sequential_1000_20221116072151/
Iteration 9, elapsed time: 0.02333947
./checkpoints/sequential_1000_20221116072151/
TASK is over!./checkpoints/sequential_10000_20221116072151/
directory creation success
Iteration 0, elapsed time: 1.11764258
./checkpoints/sequential_10000_20221116072151/
Iteration 1, elapsed time: 1.05617043
./checkpoints/sequential_10000_20221116072151/
Iteration 2, elapsed time: 1.08466506
./checkpoints/sequential_10000_20221116072151/
Iteration 3, elapsed time: 1.03000963
./checkpoints/sequential_10000_20221116072151/
Iteration 4, elapsed time: 1.00773612
./checkpoints/sequential_10000_20221116072151/
Iteration 5, elapsed time: 1.01159665
./checkpoints/sequential_10000_20221116072151/
Iteration 6, elapsed time: 1.01039542
./checkpoints/sequential_10000_20221116072151/
Iteration 7, elapsed time: 1.04617539
./checkpoints/sequential_10000_20221116072151/
Iteration 8, elapsed time: 1.01739184
./checkpoints/sequential_10000_20221116072151/
Iteration 9, elapsed time: 1.00756528
./checkpoints/sequential_10000_20221116072151/
TASK is over!./checkpoints/sequential_100_20221116072202/
directory creation success
Iteration 0, elapsed time: 0.00185551
./checkpoints/sequential_100_20221116072202/
Iteration 1, elapsed time: 0.00164719
./checkpoints/sequential_100_20221116072202/
Iteration 2, elapsed time: 0.00168629
./checkpoints/sequential_100_20221116072202/
Iteration 3, elapsed time: 0.00154818
./checkpoints/sequential_100_20221116072202/
Iteration 4, elapsed time: 0.00158375
./checkpoints/sequential_100_20221116072202/
Iteration 5, elapsed time: 0.00159280
./checkpoints/sequential_100_20221116072202/
Iteration 6, elapsed time: 0.00156744
./checkpoints/sequential_100_20221116072202/
Iteration 7, elapsed time: 0.00151344
./checkpoints/sequential_100_20221116072202/
Iteration 8, elapsed time: 0.00147704
./checkpoints/sequential_100_20221116072202/
Iteration 9, elapsed time: 0.00152376
./checkpoints/sequential_100_20221116072202/
TASK is over!./checkpoints/sequential_1000_20221116072202/
directory creation success
Iteration 0, elapsed time: 0.03310843
./checkpoints/sequential_1000_20221116072202/
Iteration 1, elapsed time: 0.02632856
./checkpoints/sequential_1000_20221116072202/
Iteration 2, elapsed time: 0.02237893
./checkpoints/sequential_1000_20221116072202/
Iteration 3, elapsed time: 0.02232512
./checkpoints/sequential_1000_20221116072202/
Iteration 4, elapsed time: 0.02483582
./checkpoints/sequential_1000_20221116072202/
Iteration 5, elapsed time: 0.02648789
./checkpoints/sequential_1000_20221116072202/
Iteration 6, elapsed time: 0.02421142
./checkpoints/sequential_1000_20221116072202/
Iteration 7, elapsed time: 0.02300252
./checkpoints/sequential_1000_20221116072202/
Iteration 8, elapsed time: 0.02216717
./checkpoints/sequential_1000_20221116072202/
Iteration 9, elapsed time: 0.02301040
./checkpoints/sequential_1000_20221116072202/
TASK is over!./checkpoints/sequential_10000_20221116072202/
directory creation success
Iteration 0, elapsed time: 1.03505664
./checkpoints/sequential_10000_20221116072202/
Iteration 1, elapsed time: 0.98893840
./checkpoints/sequential_10000_20221116072202/
Iteration 2, elapsed time: 1.01105778
./checkpoints/sequential_10000_20221116072202/
Iteration 3, elapsed time: 1.01492055
./checkpoints/sequential_10000_20221116072202/
Iteration 4, elapsed time: 0.99932690
./checkpoints/sequential_10000_20221116072202/
Iteration 5, elapsed time: 0.97774929
./checkpoints/sequential_10000_20221116072202/
Iteration 6, elapsed time: 0.94951255
./checkpoints/sequential_10000_20221116072202/
Iteration 7, elapsed time: 1.00234149
./checkpoints/sequential_10000_20221116072202/
Iteration 8, elapsed time: 0.96755262
./checkpoints/sequential_10000_20221116072202/
Iteration 9, elapsed time: 0.94982540
./checkpoints/sequential_10000_20221116072202/
TASK is over!./checkpoints/sequential_100_20221116072213/
directory creation success
Iteration 0, elapsed time: 0.00202835
./checkpoints/sequential_100_20221116072213/
Iteration 1, elapsed time: 0.00191065
./checkpoints/sequential_100_20221116072213/
Iteration 2, elapsed time: 0.00181459
./checkpoints/sequential_100_20221116072213/
Iteration 3, elapsed time: 0.00178998
./checkpoints/sequential_100_20221116072213/
Iteration 4, elapsed time: 0.00177546
./checkpoints/sequential_100_20221116072213/
Iteration 5, elapsed time: 0.00183211
./checkpoints/sequential_100_20221116072213/
Iteration 6, elapsed time: 0.00175124
./checkpoints/sequential_100_20221116072213/
Iteration 7, elapsed time: 0.00171251
./checkpoints/sequential_100_20221116072213/
Iteration 8, elapsed time: 0.00162783
./checkpoints/sequential_100_20221116072213/
Iteration 9, elapsed time: 0.00169827
./checkpoints/sequential_100_20221116072213/
TASK is over!./checkpoints/sequential_1000_20221116072213/
directory creation success
Iteration 0, elapsed time: 0.02834527
./checkpoints/sequential_1000_20221116072213/
Iteration 1, elapsed time: 0.02267490
./checkpoints/sequential_1000_20221116072213/
Iteration 2, elapsed time: 0.02418627
./checkpoints/sequential_1000_20221116072213/
Iteration 3, elapsed time: 0.02005397
./checkpoints/sequential_1000_20221116072213/
Iteration 4, elapsed time: 0.01708437
./checkpoints/sequential_1000_20221116072213/
Iteration 5, elapsed time: 0.01838417
./checkpoints/sequential_1000_20221116072213/
Iteration 6, elapsed time: 0.02298906
./checkpoints/sequential_1000_20221116072213/
Iteration 7, elapsed time: 0.02193984
./checkpoints/sequential_1000_20221116072213/
Iteration 8, elapsed time: 0.02146131
./checkpoints/sequential_1000_20221116072213/
Iteration 9, elapsed time: 0.01878285
./checkpoints/sequential_1000_20221116072213/
TASK is over!./checkpoints/sequential_10000_20221116072213/
directory creation success
Iteration 0, elapsed time: 1.03529732
./checkpoints/sequential_10000_20221116072213/
Iteration 1, elapsed time: 1.00353603
./checkpoints/sequential_10000_20221116072213/
Iteration 2, elapsed time: 0.98434146
./checkpoints/sequential_10000_20221116072213/
Iteration 3, elapsed time: 0.95596120
./checkpoints/sequential_10000_20221116072213/
Iteration 4, elapsed time: 0.96225144
./checkpoints/sequential_10000_20221116072213/
Iteration 5, elapsed time: 0.97144236
./checkpoints/sequential_10000_20221116072213/
Iteration 6, elapsed time: 0.96937336
./checkpoints/sequential_10000_20221116072213/
Iteration 7, elapsed time: 0.95502080
./checkpoints/sequential_10000_20221116072213/
Iteration 8, elapsed time: 0.96625121
./checkpoints/sequential_10000_20221116072213/
Iteration 9, elapsed time: 0.96973564
./checkpoints/sequential_10000_20221116072213/
TASK is over!./checkpoints/sequential_100_20221116072224/
directory creation success
Iteration 0, elapsed time: 0.00233480
./checkpoints/sequential_100_20221116072224/
Iteration 1, elapsed time: 0.00198691
./checkpoints/sequential_100_20221116072224/
Iteration 2, elapsed time: 0.00196568
./checkpoints/sequential_100_20221116072224/
Iteration 3, elapsed time: 0.00177075
./checkpoints/sequential_100_20221116072224/
Iteration 4, elapsed time: 0.00180942
./checkpoints/sequential_100_20221116072224/
Iteration 5, elapsed time: 0.00165595
./checkpoints/sequential_100_20221116072224/
Iteration 6, elapsed time: 0.00166057
./checkpoints/sequential_100_20221116072224/
Iteration 7, elapsed time: 0.00168680
./checkpoints/sequential_100_20221116072224/
Iteration 8, elapsed time: 0.00173632
./checkpoints/sequential_100_20221116072224/
Iteration 9, elapsed time: 0.00158739
./checkpoints/sequential_100_20221116072224/
TASK is over!./checkpoints/sequential_1000_20221116072224/
directory creation success
Iteration 0, elapsed time: 0.02612890
./checkpoints/sequential_1000_20221116072224/
Iteration 1, elapsed time: 0.02219696
./checkpoints/sequential_1000_20221116072224/
Iteration 2, elapsed time: 0.02140422
./checkpoints/sequential_1000_20221116072224/
Iteration 3, elapsed time: 0.02041382
./checkpoints/sequential_1000_20221116072224/
Iteration 4, elapsed time: 0.02241673
./checkpoints/sequential_1000_20221116072224/
Iteration 5, elapsed time: 0.02218385
./checkpoints/sequential_1000_20221116072224/
Iteration 6, elapsed time: 0.02186304
./checkpoints/sequential_1000_20221116072224/
Iteration 7, elapsed time: 0.01844995
./checkpoints/sequential_1000_20221116072224/
Iteration 8, elapsed time: 0.01768737
./checkpoints/sequential_1000_20221116072224/
Iteration 9, elapsed time: 0.01729325
./checkpoints/sequential_1000_20221116072224/
TASK is over!./checkpoints/sequential_10000_20221116072224/
directory creation success
Iteration 0, elapsed time: 0.95969461
./checkpoints/sequential_10000_20221116072224/
Iteration 1, elapsed time: 0.98595474
./checkpoints/sequential_10000_20221116072224/
Iteration 2, elapsed time: 0.95221287
./checkpoints/sequential_10000_20221116072224/
Iteration 3, elapsed time: 0.96197522
./checkpoints/sequential_10000_20221116072224/
Iteration 4, elapsed time: 0.92742942
./checkpoints/sequential_10000_20221116072224/
Iteration 5, elapsed time: 0.93556946
./checkpoints/sequential_10000_20221116072224/
Iteration 6, elapsed time: 0.93984600
./checkpoints/sequential_10000_20221116072224/
Iteration 7, elapsed time: 0.92962143
./checkpoints/sequential_10000_20221116072224/
Iteration 8, elapsed time: 0.93354169
./checkpoints/sequential_10000_20221116072224/
Iteration 9, elapsed time: 0.91508796
./checkpoints/sequential_10000_20221116072224/
TASK is over!