./checkpoints/sequential_100000_20221116093905/
directory creation success
Iteration 0, elapsed time: 35.89399683
./checkpoints/sequential_100000_20221116093905/
Iteration 1, elapsed time: 33.70814279
./checkpoints/sequential_100000_20221116093905/
Iteration 2, elapsed time: 34.66402324
./checkpoints/sequential_100000_20221116093905/
Iteration 3, elapsed time: 34.36526776
./checkpoints/sequential_100000_20221116093905/
Iteration 4, elapsed time: 34.53933988
./checkpoints/sequential_100000_20221116093905/
Student ID: 119010434
Name: Zhang Qihang
Assignment 3: N Body Simulation OpenMP Implementation
./checkpoints/sequential_100000_20221116094201/
directory creation success
Iteration 0, elapsed time: 35.80014261
./checkpoints/sequential_100000_20221116094201/
Iteration 1, elapsed time: 34.05194853
./checkpoints/sequential_100000_20221116094201/
Iteration 2, elapsed time: 34.90677776
./checkpoints/sequential_100000_20221116094201/
Iteration 3, elapsed time: 34.57077547
./checkpoints/sequential_100000_20221116094201/
Iteration 4, elapsed time: 34.75643404
./checkpoints/sequential_100000_20221116094201/
TASK is over!