./checkpoints/sequential_100_20221116071807/
directory creation success
Iteration 0, elapsed time: 0.00463003
./checkpoints/sequential_100_20221116071807/
Iteration 1, elapsed time: 0.00404454
./checkpoints/sequential_100_20221116071807/
Iteration 2, elapsed time: 0.00330199
./checkpoints/sequential_100_20221116071807/
Iteration 3, elapsed time: 0.00331859
./checkpoints/sequential_100_20221116071807/
Iteration 4, elapsed time: 0.00312063
./checkpoints/sequential_100_20221116071807/
Iteration 5, elapsed time: 0.00287012
./checkpoints/sequential_100_20221116071807/
Iteration 6, elapsed time: 0.00295555
./checkpoints/sequential_100_20221116071807/
Iteration 7, elapsed time: 0.00271876
./checkpoints/sequential_100_20221116071807/
Iteration 8, elapsed time: 0.00264986
./checkpoints/sequential_100_20221116071807/
Iteration 9, elapsed time: 0.00251859
./checkpoints/sequential_100_20221116071807/
Student ID: 119010434
Name: Zhang Qihang
Assignment 3: N Body Simulation Sequential Implementation
./checkpoints/sequential_1000_20221116071807/
directory creation success
Iteration 0, elapsed time: 0.17096543
./checkpoints/sequential_1000_20221116071807/
Iteration 1, elapsed time: 0.15931261
./checkpoints/sequential_1000_20221116071807/
Iteration 2, elapsed time: 0.15706676
./checkpoints/sequential_1000_20221116071807/
Iteration 3, elapsed time: 0.15689984
./checkpoints/sequential_1000_20221116071807/
Iteration 4, elapsed time: 0.15571276
./checkpoints/sequential_1000_20221116071807/
Iteration 5, elapsed time: 0.15657641
./checkpoints/sequential_1000_20221116071807/
Iteration 6, elapsed time: 0.15635197
./checkpoints/sequential_1000_20221116071807/
Iteration 7, elapsed time: 0.15512487
./checkpoints/sequential_1000_20221116071807/
Iteration 8, elapsed time: 0.15615638
./checkpoints/sequential_1000_20221116071807/
Iteration 9, elapsed time: 0.15563660
./checkpoints/sequential_1000_20221116071807/
Student ID: 119010434
Name: Zhang Qihang
Assignment 3: N Body Simulation Sequential Implementation
./checkpoints/sequential_10000_20221116071809/
directory creation success
Iteration 0, elapsed time: 13.94428481
./checkpoints/sequential_10000_20221116071809/
Iteration 1, elapsed time: 13.43560736
./checkpoints/sequential_10000_20221116071809/
Iteration 2, elapsed time: 13.48521619
./checkpoints/sequential_10000_20221116071809/
Iteration 3, elapsed time: 13.08815186
./checkpoints/sequential_10000_20221116071809/
Iteration 4, elapsed time: 13.09903877
./checkpoints/sequential_10000_20221116071809/
Iteration 5, elapsed time: 13.07610808
./checkpoints/sequential_10000_20221116071809/
Iteration 6, elapsed time: 13.15121885
./checkpoints/sequential_10000_20221116071809/
Iteration 7, elapsed time: 12.58320653
./checkpoints/sequential_10000_20221116071809/
Iteration 8, elapsed time: 13.19026401
./checkpoints/sequential_10000_20221116071809/
Iteration 9, elapsed time: 13.03491572
./checkpoints/sequential_10000_20221116071809/
Student ID: 119010434
Name: Zhang Qihang
Assignment 3: N Body Simulation Sequential Implementation
