./checkpoints/sequential_1000_20221115031554/
directory creation success
Iteration 0, elapsed time: 0.091
./checkpoints/sequential_1000_20221115031554/
Iteration 1, elapsed time: 0.077
./checkpoints/sequential_1000_20221115031554/
Iteration 2, elapsed time: 0.077
./checkpoints/sequential_1000_20221115031554/
Iteration 3, elapsed time: 0.077
./checkpoints/sequential_1000_20221115031554/
Iteration 4, elapsed time: 0.077
./checkpoints/sequential_1000_20221115031554/
Iteration 5, elapsed time: 0.077
./checkpoints/sequential_1000_20221115031554/
Iteration 6, elapsed time: 0.077
./checkpoints/sequential_1000_20221115031554/
Iteration 7, elapsed time: 0.077
./checkpoints/sequential_1000_20221115031554/
Iteration 8, elapsed time: 0.077
./checkpoints/sequential_1000_20221115031554/
Iteration 9, elapsed time: 0.077
./checkpoints/sequential_1000_20221115031554/
Iteration 10, elapsed time: 0.077
./checkpoints/sequential_1000_20221115031554/
Iteration 11, elapsed time: 0.077
./checkpoints/sequential_1000_20221115031554/
Iteration 12, elapsed time: 0.092
./checkpoints/sequential_1000_20221115031554/
Iteration 13, elapsed time: 0.077
./checkpoints/sequential_1000_20221115031554/
Iteration 14, elapsed time: 0.077
./checkpoints/sequential_1000_20221115031554/
Iteration 15, elapsed time: 0.077
./checkpoints/sequential_1000_20221115031554/
Iteration 16, elapsed time: 0.077
./checkpoints/sequential_1000_20221115031554/
Iteration 17, elapsed time: 0.077
./checkpoints/sequential_1000_20221115031554/
Iteration 18, elapsed time: 0.076
./checkpoints/sequential_1000_20221115031554/
Iteration 19, elapsed time: 0.079
./checkpoints/sequential_1000_20221115031554/
Iteration 20, elapsed time: 0.077
./checkpoints/sequential_1000_20221115031554/
Iteration 21, elapsed time: 0.077
./checkpoints/sequential_1000_20221115031554/
Iteration 22, elapsed time: 0.077
./checkpoints/sequential_1000_20221115031554/
Iteration 23, elapsed time: 0.077
./checkpoints/sequential_1000_20221115031554/
Iteration 24, elapsed time: 0.077
./checkpoints/sequential_1000_20221115031554/
Iteration 25, elapsed time: 0.077
./checkpoints/sequential_1000_20221115031554/
Iteration 26, elapsed time: 0.075
./checkpoints/sequential_1000_20221115031554/
Iteration 27, elapsed time: 0.077
./checkpoints/sequential_1000_20221115031554/
Iteration 28, elapsed time: 0.077
./checkpoints/sequential_1000_20221115031554/
Iteration 29, elapsed time: 0.077
./checkpoints/sequential_1000_20221115031554/
Iteration 30, elapsed time: 0.077
./checkpoints/sequential_1000_20221115031554/
Iteration 31, elapsed time: 0.077
./checkpoints/sequential_1000_20221115031554/
Iteration 32, elapsed time: 0.077
./checkpoints/sequential_1000_20221115031554/
Iteration 33, elapsed time: 0.077
./checkpoints/sequential_1000_20221115031554/
Iteration 34, elapsed time: 0.077
./checkpoints/sequential_1000_20221115031554/
Iteration 35, elapsed time: 0.077
./checkpoints/sequential_1000_20221115031554/
Iteration 36, elapsed time: 0.077
./checkpoints/sequential_1000_20221115031554/
Iteration 37, elapsed time: 0.077
./checkpoints/sequential_1000_20221115031554/
Iteration 38, elapsed time: 0.077
./checkpoints/sequential_1000_20221115031554/
Iteration 39, elapsed time: 0.077
./checkpoints/sequential_1000_20221115031554/
Iteration 40, elapsed time: 0.077
./checkpoints/sequential_1000_20221115031554/
Iteration 41, elapsed time: 0.076
./checkpoints/sequential_1000_20221115031554/
Iteration 42, elapsed time: 0.077
./checkpoints/sequential_1000_20221115031554/
Iteration 43, elapsed time: 0.077
./checkpoints/sequential_1000_20221115031554/
Iteration 44, elapsed time: 0.077
./checkpoints/sequential_1000_20221115031554/
Iteration 45, elapsed time: 0.077
./checkpoints/sequential_1000_20221115031554/
Iteration 46, elapsed time: 0.077
./checkpoints/sequential_1000_20221115031554/
Iteration 47, elapsed time: 0.077
./checkpoints/sequential_1000_20221115031554/
Iteration 48, elapsed time: 0.077
./checkpoints/sequential_1000_20221115031554/
Iteration 49, elapsed time: 0.077
./checkpoints/sequential_1000_20221115031554/
Iteration 50, elapsed time: 0.077
./checkpoints/sequential_1000_20221115031554/
Iteration 51, elapsed time: 0.077
./checkpoints/sequential_1000_20221115031554/
Iteration 52, elapsed time: 0.077
./checkpoints/sequential_1000_20221115031554/
Iteration 53, elapsed time: 0.077
./checkpoints/sequential_1000_20221115031554/
Iteration 54, elapsed time: 0.077
./checkpoints/sequential_1000_20221115031554/
Iteration 55, elapsed time: 0.077
./checkpoints/sequential_1000_20221115031554/
Iteration 56, elapsed time: 0.077
./checkpoints/sequential_1000_20221115031554/
Iteration 57, elapsed time: 0.077
./checkpoints/sequential_1000_20221115031554/
Iteration 58, elapsed time: 0.077
./checkpoints/sequential_1000_20221115031554/
Iteration 59, elapsed time: 0.077
./checkpoints/sequential_1000_20221115031554/
Iteration 60, elapsed time: 0.077
./checkpoints/sequential_1000_20221115031554/
Iteration 61, elapsed time: 0.077
./checkpoints/sequential_1000_20221115031554/
Iteration 62, elapsed time: 0.077
./checkpoints/sequential_1000_20221115031554/
Iteration 63, elapsed time: 0.077
./checkpoints/sequential_1000_20221115031554/
Iteration 64, elapsed time: 0.077
./checkpoints/sequential_1000_20221115031554/
Iteration 65, elapsed time: 0.077
./checkpoints/sequential_1000_20221115031554/
Iteration 66, elapsed time: 0.077
./checkpoints/sequential_1000_20221115031554/
Iteration 67, elapsed time: 0.077
./checkpoints/sequential_1000_20221115031554/
Iteration 68, elapsed time: 0.077
./checkpoints/sequential_1000_20221115031554/
Iteration 69, elapsed time: 0.076
./checkpoints/sequential_1000_20221115031554/
Iteration 70, elapsed time: 0.077
./checkpoints/sequential_1000_20221115031554/
Iteration 71, elapsed time: 0.077
./checkpoints/sequential_1000_20221115031554/
Iteration 72, elapsed time: 0.077
./checkpoints/sequential_1000_20221115031554/
Iteration 73, elapsed time: 0.077
./checkpoints/sequential_1000_20221115031554/
Iteration 74, elapsed time: 0.096
./checkpoints/sequential_1000_20221115031554/
Iteration 75, elapsed time: 0.078
./checkpoints/sequential_1000_20221115031554/
Iteration 76, elapsed time: 0.077
./checkpoints/sequential_1000_20221115031554/
Iteration 77, elapsed time: 0.077
./checkpoints/sequential_1000_20221115031554/
Iteration 78, elapsed time: 0.077
./checkpoints/sequential_1000_20221115031554/
Iteration 79, elapsed time: 0.078
./checkpoints/sequential_1000_20221115031554/
Iteration 80, elapsed time: 0.077
./checkpoints/sequential_1000_20221115031554/
Iteration 81, elapsed time: 0.077
./checkpoints/sequential_1000_20221115031554/
Iteration 82, elapsed time: 0.077
./checkpoints/sequential_1000_20221115031554/
Iteration 83, elapsed time: 0.077
./checkpoints/sequential_1000_20221115031554/
Iteration 84, elapsed time: 0.077
./checkpoints/sequential_1000_20221115031554/
Iteration 85, elapsed time: 0.077
./checkpoints/sequential_1000_20221115031554/
Iteration 86, elapsed time: 0.077
./checkpoints/sequential_1000_20221115031554/
Iteration 87, elapsed time: 0.077
./checkpoints/sequential_1000_20221115031554/
Iteration 88, elapsed time: 0.077
./checkpoints/sequential_1000_20221115031554/
Iteration 89, elapsed time: 0.077
./checkpoints/sequential_1000_20221115031554/
Iteration 90, elapsed time: 0.077
./checkpoints/sequential_1000_20221115031554/
Iteration 91, elapsed time: 0.077
./checkpoints/sequential_1000_20221115031554/
Iteration 92, elapsed time: 0.077
./checkpoints/sequential_1000_20221115031554/
Iteration 93, elapsed time: 0.077
./checkpoints/sequential_1000_20221115031554/
Iteration 94, elapsed time: 0.077
./checkpoints/sequential_1000_20221115031554/
Iteration 95, elapsed time: 0.077
./checkpoints/sequential_1000_20221115031554/
Iteration 96, elapsed time: 0.077
./checkpoints/sequential_1000_20221115031554/
Iteration 97, elapsed time: 0.077
./checkpoints/sequential_1000_20221115031554/
Iteration 98, elapsed time: 0.077
./checkpoints/sequential_1000_20221115031554/
Iteration 99, elapsed time: 0.077
./checkpoints/sequential_1000_20221115031554/
Student ID: 119010434
Name: Zhang Qihang
Assignment 3: N Body Simulation Sequential Implementation
