./checkpoints/sequential_100_20221116072234/
directory creation success
Iteration 0, elapsed time: 0.00153328
./checkpoints/sequential_100_20221116072234/
Iteration 1, elapsed time: 0.00129819
./checkpoints/sequential_100_20221116072234/
Iteration 2, elapsed time: 0.00124233
./checkpoints/sequential_100_20221116072234/
Iteration 3, elapsed time: 0.00126669
./checkpoints/sequential_100_20221116072234/
Iteration 4, elapsed time: 0.00120722
./checkpoints/sequential_100_20221116072234/
Iteration 5, elapsed time: 0.00111758
./checkpoints/sequential_100_20221116072234/
Iteration 6, elapsed time: 0.00127178
./checkpoints/sequential_100_20221116072234/
Iteration 7, elapsed time: 0.00110586
./checkpoints/sequential_100_20221116072234/
Iteration 8, elapsed time: 0.00110195
./checkpoints/sequential_100_20221116072234/
Iteration 9, elapsed time: 0.00109164
./checkpoints/sequential_100_20221116072234/
Student ID: 119010434
Name: Zhang Qihang
Assignment 3: N Body Simulation OpenMP Implementation
./checkpoints/sequential_1000_20221116072234/
directory creation success
Iteration 0, elapsed time: 0.05419779
./checkpoints/sequential_1000_20221116072234/
Iteration 1, elapsed time: 0.04485925
./checkpoints/sequential_1000_20221116072234/
Iteration 2, elapsed time: 0.03969229
./checkpoints/sequential_1000_20221116072234/
Iteration 3, elapsed time: 0.03970781
./checkpoints/sequential_1000_20221116072234/
Iteration 4, elapsed time: 0.03941311
./checkpoints/sequential_1000_20221116072234/
Iteration 5, elapsed time: 0.03967209
./checkpoints/sequential_1000_20221116072234/
Iteration 6, elapsed time: 0.03971351
./checkpoints/sequential_1000_20221116072234/
Iteration 7, elapsed time: 0.03928869
./checkpoints/sequential_1000_20221116072234/
Iteration 8, elapsed time: 0.03955282
./checkpoints/sequential_1000_20221116072234/
Iteration 9, elapsed time: 0.03955878
./checkpoints/sequential_1000_20221116072234/
Student ID: 119010434
Name: Zhang Qihang
Assignment 3: N Body Simulation OpenMP Implementation
./checkpoints/sequential_10000_20221116072235/
directory creation success
Iteration 0, elapsed time: 3.50830664
./checkpoints/sequential_10000_20221116072235/
Iteration 1, elapsed time: 3.38197599
./checkpoints/sequential_10000_20221116072235/
Iteration 2, elapsed time: 3.38655099
./checkpoints/sequential_10000_20221116072235/
Iteration 3, elapsed time: 3.29830695
./checkpoints/sequential_10000_20221116072235/
Iteration 4, elapsed time: 3.32976320
./checkpoints/sequential_10000_20221116072235/
Iteration 5, elapsed time: 3.29656697
./checkpoints/sequential_10000_20221116072235/
Iteration 6, elapsed time: 3.31976772
./checkpoints/sequential_10000_20221116072235/
Iteration 7, elapsed time: 3.18035171
./checkpoints/sequential_10000_20221116072235/
Iteration 8, elapsed time: 3.31662888
./checkpoints/sequential_10000_20221116072235/
Iteration 9, elapsed time: 3.29546679
./checkpoints/sequential_10000_20221116072235/
Student ID: 119010434
Name: Zhang Qihang
Assignment 3: N Body Simulation OpenMP Implementation
./checkpoints/sequential_100_20221116072309/
directory creation success
Iteration 0, elapsed time: 0.00090313
./checkpoints/sequential_100_20221116072309/
Iteration 1, elapsed time: 0.00086147
./checkpoints/sequential_100_20221116072309/
Iteration 2, elapsed time: 0.00076913
./checkpoints/sequential_100_20221116072309/
Iteration 3, elapsed time: 0.00078348
./checkpoints/sequential_100_20221116072309/
Iteration 4, elapsed time: 0.00050733
./checkpoints/sequential_100_20221116072309/
Iteration 5, elapsed time: 0.00052016
./checkpoints/sequential_100_20221116072309/
Iteration 6, elapsed time: 0.00049570
./checkpoints/sequential_100_20221116072309/
Iteration 7, elapsed time: 0.00057781
./checkpoints/sequential_100_20221116072309/
Iteration 8, elapsed time: 0.00060548
./checkpoints/sequential_100_20221116072309/
Iteration 9, elapsed time: 0.00059116
./checkpoints/sequential_100_20221116072309/
Student ID: 119010434
Name: Zhang Qihang
Assignment 3: N Body Simulation OpenMP Implementation
./checkpoints/sequential_1000_20221116072309/
directory creation success
Iteration 0, elapsed time: 0.03036860
./checkpoints/sequential_1000_20221116072309/
Iteration 1, elapsed time: 0.02026933
./checkpoints/sequential_1000_20221116072309/
Iteration 2, elapsed time: 0.02016048
./checkpoints/sequential_1000_20221116072309/
Iteration 3, elapsed time: 0.02019766
./checkpoints/sequential_1000_20221116072309/
Iteration 4, elapsed time: 0.02003298
./checkpoints/sequential_1000_20221116072309/
Iteration 5, elapsed time: 0.01998309
./checkpoints/sequential_1000_20221116072309/
Iteration 6, elapsed time: 0.02007525
./checkpoints/sequential_1000_20221116072309/
Iteration 7, elapsed time: 0.01996090
./checkpoints/sequential_1000_20221116072309/
Iteration 8, elapsed time: 0.01991715
./checkpoints/sequential_1000_20221116072309/
Iteration 9, elapsed time: 0.02015930
./checkpoints/sequential_1000_20221116072309/
Student ID: 119010434
Name: Zhang Qihang
Assignment 3: N Body Simulation OpenMP Implementation
./checkpoints/sequential_10000_20221116072309/
directory creation success
Iteration 0, elapsed time: 1.76240653
./checkpoints/sequential_10000_20221116072309/
Iteration 1, elapsed time: 1.70557413
./checkpoints/sequential_10000_20221116072309/
Iteration 2, elapsed time: 1.72098920
./checkpoints/sequential_10000_20221116072309/
Iteration 3, elapsed time: 1.69021402
./checkpoints/sequential_10000_20221116072309/
Iteration 4, elapsed time: 1.66549798
./checkpoints/sequential_10000_20221116072309/
Iteration 5, elapsed time: 1.65678107
./checkpoints/sequential_10000_20221116072309/
Iteration 6, elapsed time: 1.68919961
./checkpoints/sequential_10000_20221116072309/
Iteration 7, elapsed time: 1.62882272
./checkpoints/sequential_10000_20221116072309/
Iteration 8, elapsed time: 1.68973050
./checkpoints/sequential_10000_20221116072309/
Iteration 9, elapsed time: 1.67280583
./checkpoints/sequential_10000_20221116072309/
Student ID: 119010434
Name: Zhang Qihang
Assignment 3: N Body Simulation OpenMP Implementation
./checkpoints/sequential_100_20221116072327/
directory creation success
Iteration 0, elapsed time: 0.00091106
./checkpoints/sequential_100_20221116072327/
Iteration 1, elapsed time: 0.00070668
./checkpoints/sequential_100_20221116072327/
Iteration 2, elapsed time: 0.00067900
./checkpoints/sequential_100_20221116072327/
Iteration 3, elapsed time: 0.00057881
./checkpoints/sequential_100_20221116072327/
Iteration 4, elapsed time: 0.00062244
./checkpoints/sequential_100_20221116072327/
Iteration 5, elapsed time: 0.00059776
./checkpoints/sequential_100_20221116072327/
Iteration 6, elapsed time: 0.00052555
./checkpoints/sequential_100_20221116072327/
Iteration 7, elapsed time: 0.00055050
./checkpoints/sequential_100_20221116072327/
Iteration 8, elapsed time: 0.00053161
./checkpoints/sequential_100_20221116072327/
Iteration 9, elapsed time: 0.00047248
./checkpoints/sequential_100_20221116072327/
Student ID: 119010434
Name: Zhang Qihang
Assignment 3: N Body Simulation OpenMP Implementation
./checkpoints/sequential_1000_20221116072327/
directory creation success
Iteration 0, elapsed time: 0.02468589
./checkpoints/sequential_1000_20221116072327/
Iteration 1, elapsed time: 0.01812554
./checkpoints/sequential_1000_20221116072327/
Iteration 2, elapsed time: 0.01794013
./checkpoints/sequential_1000_20221116072327/
Iteration 3, elapsed time: 0.01779345
./checkpoints/sequential_1000_20221116072327/
Iteration 4, elapsed time: 0.02986311
./checkpoints/sequential_1000_20221116072327/
Iteration 5, elapsed time: 0.02073772
./checkpoints/sequential_1000_20221116072327/
Iteration 6, elapsed time: 0.01758718
./checkpoints/sequential_1000_20221116072327/
Iteration 7, elapsed time: 0.01762153
./checkpoints/sequential_1000_20221116072327/
Iteration 8, elapsed time: 0.01791397
./checkpoints/sequential_1000_20221116072327/
Iteration 9, elapsed time: 0.01788638
./checkpoints/sequential_1000_20221116072327/
Student ID: 119010434
Name: Zhang Qihang
Assignment 3: N Body Simulation OpenMP Implementation
./checkpoints/sequential_10000_20221116072327/
directory creation success
Iteration 0, elapsed time: 1.38230264
./checkpoints/sequential_10000_20221116072327/
Iteration 1, elapsed time: 1.34605528
./checkpoints/sequential_10000_20221116072327/
Iteration 2, elapsed time: 1.32378805
./checkpoints/sequential_10000_20221116072327/
Iteration 3, elapsed time: 1.28162467
./checkpoints/sequential_10000_20221116072327/
Iteration 4, elapsed time: 1.30110101
./checkpoints/sequential_10000_20221116072327/
Iteration 5, elapsed time: 1.31424855
./checkpoints/sequential_10000_20221116072327/
Iteration 6, elapsed time: 1.29044458
./checkpoints/sequential_10000_20221116072327/
Iteration 7, elapsed time: 1.27513085
./checkpoints/sequential_10000_20221116072327/
Iteration 8, elapsed time: 1.34112592
./checkpoints/sequential_10000_20221116072327/
Iteration 9, elapsed time: 1.28537999
./checkpoints/sequential_10000_20221116072327/
Student ID: 119010434
Name: Zhang Qihang
Assignment 3: N Body Simulation OpenMP Implementation
./checkpoints/sequential_100_20221116072341/
directory creation success
Iteration 0, elapsed time: 0.02707097
./checkpoints/sequential_100_20221116072341/
Iteration 1, elapsed time: 0.00045052
./checkpoints/sequential_100_20221116072341/
Iteration 2, elapsed time: 0.00045516
./checkpoints/sequential_100_20221116072341/
Iteration 3, elapsed time: 0.00043312
./checkpoints/sequential_100_20221116072341/
Iteration 4, elapsed time: 0.00038318
./checkpoints/sequential_100_20221116072341/
Iteration 5, elapsed time: 0.00039112
./checkpoints/sequential_100_20221116072341/
Iteration 6, elapsed time: 0.00040471
./checkpoints/sequential_100_20221116072341/
Iteration 7, elapsed time: 0.00033760
./checkpoints/sequential_100_20221116072341/
Iteration 8, elapsed time: 0.00037056
./checkpoints/sequential_100_20221116072341/
Iteration 9, elapsed time: 0.00042495
./checkpoints/sequential_100_20221116072341/
Student ID: 119010434
Name: Zhang Qihang
Assignment 3: N Body Simulation OpenMP Implementation
./checkpoints/sequential_1000_20221116072341/
directory creation success
Iteration 0, elapsed time: 0.02145689
./checkpoints/sequential_1000_20221116072341/
Iteration 1, elapsed time: 0.01569969
./checkpoints/sequential_1000_20221116072341/
Iteration 2, elapsed time: 0.01383477
./checkpoints/sequential_1000_20221116072341/
Iteration 3, elapsed time: 0.01358331
./checkpoints/sequential_1000_20221116072341/
Iteration 4, elapsed time: 0.01337815
./checkpoints/sequential_1000_20221116072341/
Iteration 5, elapsed time: 0.01354179
./checkpoints/sequential_1000_20221116072341/
Iteration 6, elapsed time: 0.01354684
./checkpoints/sequential_1000_20221116072341/
Iteration 7, elapsed time: 0.01345810
./checkpoints/sequential_1000_20221116072341/
Iteration 8, elapsed time: 0.01358350
./checkpoints/sequential_1000_20221116072341/
Iteration 9, elapsed time: 0.01353730
./checkpoints/sequential_1000_20221116072341/
Student ID: 119010434
Name: Zhang Qihang
Assignment 3: N Body Simulation OpenMP Implementation
./checkpoints/sequential_10000_20221116072341/
directory creation success
Iteration 0, elapsed time: 1.15751518
./checkpoints/sequential_10000_20221116072341/
Iteration 1, elapsed time: 1.13359021
./checkpoints/sequential_10000_20221116072341/
Iteration 2, elapsed time: 1.12825776
./checkpoints/sequential_10000_20221116072341/
Iteration 3, elapsed time: 1.08632737
./checkpoints/sequential_10000_20221116072341/
Iteration 4, elapsed time: 1.10080383
./checkpoints/sequential_10000_20221116072341/
Iteration 5, elapsed time: 1.10268977
./checkpoints/sequential_10000_20221116072341/
Iteration 6, elapsed time: 1.10030811
./checkpoints/sequential_10000_20221116072341/
Iteration 7, elapsed time: 1.04611108
./checkpoints/sequential_10000_20221116072341/
Iteration 8, elapsed time: 1.11644308
./checkpoints/sequential_10000_20221116072341/
Iteration 9, elapsed time: 1.08651818
./checkpoints/sequential_10000_20221116072341/
Student ID: 119010434
Name: Zhang Qihang
Assignment 3: N Body Simulation OpenMP Implementation
./checkpoints/sequential_100_20221116072353/
directory creation success
Iteration 0, elapsed time: 0.03432894
./checkpoints/sequential_100_20221116072353/
Iteration 1, elapsed time: 0.00032224
./checkpoints/sequential_100_20221116072353/
Iteration 2, elapsed time: 0.00031992
./checkpoints/sequential_100_20221116072353/
Iteration 3, elapsed time: 0.00032372
./checkpoints/sequential_100_20221116072353/
Iteration 4, elapsed time: 0.00024028
./checkpoints/sequential_100_20221116072353/
Iteration 5, elapsed time: 0.00033119
./checkpoints/sequential_100_20221116072353/
Iteration 6, elapsed time: 0.00026895
./checkpoints/sequential_100_20221116072353/
Iteration 7, elapsed time: 0.00029689
./checkpoints/sequential_100_20221116072353/
Iteration 8, elapsed time: 0.00033116
./checkpoints/sequential_100_20221116072353/
Iteration 9, elapsed time: 0.00033490
./checkpoints/sequential_100_20221116072353/
Student ID: 119010434
Name: Zhang Qihang
Assignment 3: N Body Simulation OpenMP Implementation
./checkpoints/sequential_1000_20221116072353/
directory creation success
Iteration 0, elapsed time: 0.02685611
./checkpoints/sequential_1000_20221116072353/
Iteration 1, elapsed time: 0.01154245
./checkpoints/sequential_1000_20221116072353/
Iteration 2, elapsed time: 0.01112953
./checkpoints/sequential_1000_20221116072353/
Iteration 3, elapsed time: 0.01119581
./checkpoints/sequential_1000_20221116072353/
Iteration 4, elapsed time: 0.01114762
./checkpoints/sequential_1000_20221116072353/
Iteration 5, elapsed time: 0.01113071
./checkpoints/sequential_1000_20221116072353/
Iteration 6, elapsed time: 0.01106181
./checkpoints/sequential_1000_20221116072353/
Iteration 7, elapsed time: 0.01102409
./checkpoints/sequential_1000_20221116072353/
Iteration 8, elapsed time: 0.01114040
./checkpoints/sequential_1000_20221116072353/
Iteration 9, elapsed time: 0.01110834
./checkpoints/sequential_1000_20221116072353/
Student ID: 119010434
Name: Zhang Qihang
Assignment 3: N Body Simulation OpenMP Implementation
./checkpoints/sequential_10000_20221116072353/
directory creation success
Iteration 0, elapsed time: 0.97665292
./checkpoints/sequential_10000_20221116072353/
Iteration 1, elapsed time: 0.94434610
./checkpoints/sequential_10000_20221116072353/
Iteration 2, elapsed time: 0.94661768
./checkpoints/sequential_10000_20221116072353/
Iteration 3, elapsed time: 0.92983713
./checkpoints/sequential_10000_20221116072353/
Iteration 4, elapsed time: 0.91862462
./checkpoints/sequential_10000_20221116072353/
Iteration 5, elapsed time: 0.90926896
./checkpoints/sequential_10000_20221116072353/
Iteration 6, elapsed time: 0.93595128
./checkpoints/sequential_10000_20221116072353/
Iteration 7, elapsed time: 0.90230186
./checkpoints/sequential_10000_20221116072353/
Iteration 8, elapsed time: 0.93147500
./checkpoints/sequential_10000_20221116072353/
Iteration 9, elapsed time: 0.91671339
./checkpoints/sequential_10000_20221116072353/
Student ID: 119010434
Name: Zhang Qihang
Assignment 3: N Body Simulation OpenMP Implementation
./checkpoints/sequential_100_20221116072403/
directory creation success
Iteration 0, elapsed time: 0.00185448
./checkpoints/sequential_100_20221116072403/
Iteration 1, elapsed time: 0.00086597
./checkpoints/sequential_100_20221116072403/
Iteration 2, elapsed time: 0.00090135
./checkpoints/sequential_100_20221116072403/
Iteration 3, elapsed time: 0.00087791
./checkpoints/sequential_100_20221116072403/
Iteration 4, elapsed time: 0.00099678
./checkpoints/sequential_100_20221116072403/
Iteration 5, elapsed time: 0.00087878
./checkpoints/sequential_100_20221116072403/
Iteration 6, elapsed time: 0.00090206
./checkpoints/sequential_100_20221116072403/
Iteration 7, elapsed time: 0.00091800
./checkpoints/sequential_100_20221116072403/
Iteration 8, elapsed time: 0.00101372
./checkpoints/sequential_100_20221116072403/
Iteration 9, elapsed time: 0.00097392
./checkpoints/sequential_100_20221116072403/
Student ID: 119010434
Name: Zhang Qihang
Assignment 3: N Body Simulation OpenMP Implementation
./checkpoints/sequential_1000_20221116072403/
directory creation success
Iteration 0, elapsed time: 0.03230188
./checkpoints/sequential_1000_20221116072403/
Iteration 1, elapsed time: 0.02196794
./checkpoints/sequential_1000_20221116072403/
Iteration 2, elapsed time: 0.02600154
./checkpoints/sequential_1000_20221116072403/
Iteration 3, elapsed time: 0.02158633
./checkpoints/sequential_1000_20221116072403/
Iteration 4, elapsed time: 0.02069191
./checkpoints/sequential_1000_20221116072403/
Iteration 5, elapsed time: 0.01976100
./checkpoints/sequential_1000_20221116072403/
Iteration 6, elapsed time: 0.02604766
./checkpoints/sequential_1000_20221116072403/
Iteration 7, elapsed time: 0.02417794
./checkpoints/sequential_1000_20221116072403/
Iteration 8, elapsed time: 0.02083562
./checkpoints/sequential_1000_20221116072403/
Iteration 9, elapsed time: 0.02503300
./checkpoints/sequential_1000_20221116072403/
Student ID: 119010434
Name: Zhang Qihang
Assignment 3: N Body Simulation OpenMP Implementation
./checkpoints/sequential_10000_20221116072404/
directory creation success
Iteration 0, elapsed time: 1.17445148
./checkpoints/sequential_10000_20221116072404/
Iteration 1, elapsed time: 1.04070013
./checkpoints/sequential_10000_20221116072404/
Iteration 2, elapsed time: 1.06605940
./checkpoints/sequential_10000_20221116072404/
Iteration 3, elapsed time: 1.05554063
./checkpoints/sequential_10000_20221116072404/
Iteration 4, elapsed time: 1.00049213
./checkpoints/sequential_10000_20221116072404/
Iteration 5, elapsed time: 1.06226117
./checkpoints/sequential_10000_20221116072404/
Iteration 6, elapsed time: 1.02052040
./checkpoints/sequential_10000_20221116072404/
Iteration 7, elapsed time: 0.98187083
./checkpoints/sequential_10000_20221116072404/
Iteration 8, elapsed time: 1.07990865
./checkpoints/sequential_10000_20221116072404/
Iteration 9, elapsed time: 1.04264157
./checkpoints/sequential_10000_20221116072404/
Student ID: 119010434
Name: Zhang Qihang
Assignment 3: N Body Simulation OpenMP Implementation
./checkpoints/sequential_100_20221116072415/
directory creation success
Iteration 0, elapsed time: 0.00223244
./checkpoints/sequential_100_20221116072415/
Iteration 1, elapsed time: 0.00112641
./checkpoints/sequential_100_20221116072415/
Iteration 2, elapsed time: 0.00083702
./checkpoints/sequential_100_20221116072415/
Iteration 3, elapsed time: 0.00088281
./checkpoints/sequential_100_20221116072415/
Iteration 4, elapsed time: 0.00096854
./checkpoints/sequential_100_20221116072415/
Iteration 5, elapsed time: 0.00103726
./checkpoints/sequential_100_20221116072415/
Iteration 6, elapsed time: 0.00091394
./checkpoints/sequential_100_20221116072415/
Iteration 7, elapsed time: 0.00094543
./checkpoints/sequential_100_20221116072415/
Iteration 8, elapsed time: 0.00089531
./checkpoints/sequential_100_20221116072415/
Iteration 9, elapsed time: 0.00093884
./checkpoints/sequential_100_20221116072415/
Student ID: 119010434
Name: Zhang Qihang
Assignment 3: N Body Simulation OpenMP Implementation
./checkpoints/sequential_1000_20221116072415/
directory creation success
Iteration 0, elapsed time: 0.02883719
./checkpoints/sequential_1000_20221116072415/
Iteration 1, elapsed time: 0.02120403
./checkpoints/sequential_1000_20221116072415/
Iteration 2, elapsed time: 0.02343382
./checkpoints/sequential_1000_20221116072415/
Iteration 3, elapsed time: 0.02190370
./checkpoints/sequential_1000_20221116072415/
Iteration 4, elapsed time: 0.02201785
./checkpoints/sequential_1000_20221116072415/
Iteration 5, elapsed time: 0.02173573
./checkpoints/sequential_1000_20221116072415/
Iteration 6, elapsed time: 0.01961600
./checkpoints/sequential_1000_20221116072415/
Iteration 7, elapsed time: 0.01803113
./checkpoints/sequential_1000_20221116072415/
Iteration 8, elapsed time: 0.01829512
./checkpoints/sequential_1000_20221116072415/
Iteration 9, elapsed time: 0.01802375
./checkpoints/sequential_1000_20221116072415/
Student ID: 119010434
Name: Zhang Qihang
Assignment 3: N Body Simulation OpenMP Implementation
./checkpoints/sequential_10000_20221116072415/
directory creation success
Iteration 0, elapsed time: 1.07987732
./checkpoints/sequential_10000_20221116072415/
Iteration 1, elapsed time: 1.00789110
./checkpoints/sequential_10000_20221116072415/
Iteration 2, elapsed time: 0.98529712
./checkpoints/sequential_10000_20221116072415/
Iteration 3, elapsed time: 0.98694109
./checkpoints/sequential_10000_20221116072415/
Iteration 4, elapsed time: 0.96892179
./checkpoints/sequential_10000_20221116072415/
Iteration 5, elapsed time: 0.99336657
./checkpoints/sequential_10000_20221116072415/
Iteration 6, elapsed time: 1.01677681
./checkpoints/sequential_10000_20221116072415/
Iteration 7, elapsed time: 0.98681764
./checkpoints/sequential_10000_20221116072415/
Iteration 8, elapsed time: 0.97644592
./checkpoints/sequential_10000_20221116072415/
Iteration 9, elapsed time: 0.97426129
./checkpoints/sequential_10000_20221116072415/
Student ID: 119010434
Name: Zhang Qihang
Assignment 3: N Body Simulation OpenMP Implementation
./checkpoints/sequential_100_20221116072426/
directory creation success
Iteration 0, elapsed time: 0.00260853
./checkpoints/sequential_100_20221116072426/
Iteration 1, elapsed time: 0.00091054
./checkpoints/sequential_100_20221116072426/
Iteration 2, elapsed time: 0.00097363
./checkpoints/sequential_100_20221116072426/
Iteration 3, elapsed time: 0.00091235
./checkpoints/sequential_100_20221116072426/
Iteration 4, elapsed time: 0.00095321
./checkpoints/sequential_100_20221116072426/
Iteration 5, elapsed time: 0.00101760
./checkpoints/sequential_100_20221116072426/
Iteration 6, elapsed time: 0.00089529
./checkpoints/sequential_100_20221116072426/
Iteration 7, elapsed time: 0.00092884
./checkpoints/sequential_100_20221116072426/
Iteration 8, elapsed time: 0.00097130
./checkpoints/sequential_100_20221116072426/
Iteration 9, elapsed time: 0.00098195
./checkpoints/sequential_100_20221116072426/
Student ID: 119010434
Name: Zhang Qihang
Assignment 3: N Body Simulation OpenMP Implementation
./checkpoints/sequential_1000_20221116072426/
directory creation success
Iteration 0, elapsed time: 0.03023512
./checkpoints/sequential_1000_20221116072426/
Iteration 1, elapsed time: 0.02655079
./checkpoints/sequential_1000_20221116072426/
Iteration 2, elapsed time: 0.02387492
./checkpoints/sequential_1000_20221116072426/
Iteration 3, elapsed time: 0.02070314
./checkpoints/sequential_1000_20221116072426/
Iteration 4, elapsed time: 0.02428901
./checkpoints/sequential_1000_20221116072426/
Iteration 5, elapsed time: 0.02097382
./checkpoints/sequential_1000_20221116072426/
Iteration 6, elapsed time: 0.02197911
./checkpoints/sequential_1000_20221116072426/
Iteration 7, elapsed time: 0.01952011
./checkpoints/sequential_1000_20221116072426/
Iteration 8, elapsed time: 0.01759112
./checkpoints/sequential_1000_20221116072426/
Iteration 9, elapsed time: 0.02317754
./checkpoints/sequential_1000_20221116072426/
Student ID: 119010434
Name: Zhang Qihang
Assignment 3: N Body Simulation OpenMP Implementation
./checkpoints/sequential_10000_20221116072426/
directory creation success
Iteration 0, elapsed time: 1.03012465
./checkpoints/sequential_10000_20221116072426/
Iteration 1, elapsed time: 0.97754466
./checkpoints/sequential_10000_20221116072426/
Iteration 2, elapsed time: 1.00057545
./checkpoints/sequential_10000_20221116072426/
Iteration 3, elapsed time: 0.94569618
./checkpoints/sequential_10000_20221116072426/
Iteration 4, elapsed time: 0.96770755
./checkpoints/sequential_10000_20221116072426/
Iteration 5, elapsed time: 1.02431282
./checkpoints/sequential_10000_20221116072426/
Iteration 6, elapsed time: 1.01347171
./checkpoints/sequential_10000_20221116072426/
Iteration 7, elapsed time: 0.93992300
./checkpoints/sequential_10000_20221116072426/
Iteration 8, elapsed time: 0.97731658
./checkpoints/sequential_10000_20221116072426/
Iteration 9, elapsed time: 0.99811213
./checkpoints/sequential_10000_20221116072426/
Student ID: 119010434
Name: Zhang Qihang
Assignment 3: N Body Simulation OpenMP Implementation
./checkpoints/sequential_100_20221116072437/
directory creation success
Iteration 0, elapsed time: 0.00256805
./checkpoints/sequential_100_20221116072437/
Iteration 1, elapsed time: 0.00082941
./checkpoints/sequential_100_20221116072437/
Iteration 2, elapsed time: 0.00089440
./checkpoints/sequential_100_20221116072437/
Iteration 3, elapsed time: 0.00091268
./checkpoints/sequential_100_20221116072437/
Iteration 4, elapsed time: 0.00092394
./checkpoints/sequential_100_20221116072437/
Iteration 5, elapsed time: 0.00090622
./checkpoints/sequential_100_20221116072437/
Iteration 6, elapsed time: 0.00100463
./checkpoints/sequential_100_20221116072437/
Iteration 7, elapsed time: 0.00089369
./checkpoints/sequential_100_20221116072437/
Iteration 8, elapsed time: 0.00091633
./checkpoints/sequential_100_20221116072437/
Iteration 9, elapsed time: 0.00090242
./checkpoints/sequential_100_20221116072437/
Student ID: 119010434
Name: Zhang Qihang
Assignment 3: N Body Simulation OpenMP Implementation
./checkpoints/sequential_1000_20221116072437/
directory creation success
Iteration 0, elapsed time: 0.03032515
./checkpoints/sequential_1000_20221116072437/
Iteration 1, elapsed time: 0.02186946
./checkpoints/sequential_1000_20221116072437/
Iteration 2, elapsed time: 0.01643611
./checkpoints/sequential_1000_20221116072437/
Iteration 3, elapsed time: 0.01638619
./checkpoints/sequential_1000_20221116072437/
Iteration 4, elapsed time: 0.01910078
./checkpoints/sequential_1000_20221116072437/
Iteration 5, elapsed time: 0.01831002
./checkpoints/sequential_1000_20221116072437/
Iteration 6, elapsed time: 0.01552231
./checkpoints/sequential_1000_20221116072437/
Iteration 7, elapsed time: 0.01877701
./checkpoints/sequential_1000_20221116072437/
Iteration 8, elapsed time: 0.01867303
./checkpoints/sequential_1000_20221116072437/
Iteration 9, elapsed time: 0.02194905
./checkpoints/sequential_1000_20221116072437/
Student ID: 119010434
Name: Zhang Qihang
Assignment 3: N Body Simulation OpenMP Implementation
./checkpoints/sequential_10000_20221116072437/
directory creation success
Iteration 0, elapsed time: 1.07560684
./checkpoints/sequential_10000_20221116072437/
Iteration 1, elapsed time: 1.01636739
./checkpoints/sequential_10000_20221116072437/
Iteration 2, elapsed time: 0.99577173
./checkpoints/sequential_10000_20221116072437/
Iteration 3, elapsed time: 0.96435788
./checkpoints/sequential_10000_20221116072437/
Iteration 4, elapsed time: 0.95755422
./checkpoints/sequential_10000_20221116072437/
Iteration 5, elapsed time: 0.96016914
./checkpoints/sequential_10000_20221116072437/
Iteration 6, elapsed time: 0.95600154
./checkpoints/sequential_10000_20221116072437/
Iteration 7, elapsed time: 0.92950547
./checkpoints/sequential_10000_20221116072437/
Iteration 8, elapsed time: 0.96687550
./checkpoints/sequential_10000_20221116072437/
Iteration 9, elapsed time: 0.97051484
./checkpoints/sequential_10000_20221116072437/
Student ID: 119010434
Name: Zhang Qihang
Assignment 3: N Body Simulation OpenMP Implementation
