./checkpoints/sequential_100_20221116071553/
directory creation success
Iteration 0, elapsed time: 0.005
./checkpoints/sequential_100_20221116071553/
Iteration 1, elapsed time: 0.004
./checkpoints/sequential_100_20221116071553/
Iteration 2, elapsed time: 0.004
./checkpoints/sequential_100_20221116071553/
Iteration 3, elapsed time: 0.003
./checkpoints/sequential_100_20221116071553/
Iteration 4, elapsed time: 0.003
./checkpoints/sequential_100_20221116071553/
Iteration 5, elapsed time: 0.003
./checkpoints/sequential_100_20221116071553/
Iteration 6, elapsed time: 0.003
./checkpoints/sequential_100_20221116071553/
Iteration 7, elapsed time: 0.003
./checkpoints/sequential_100_20221116071553/
Iteration 8, elapsed time: 0.003
./checkpoints/sequential_100_20221116071553/
Iteration 9, elapsed time: 0.003
./checkpoints/sequential_100_20221116071553/
Student ID: 119010434
Name: Zhang Qihang
Assignment 3: N Body Simulation Sequential Implementation
./checkpoints/sequential_1000_20221116071553/
directory creation success
Iteration 0, elapsed time: 0.173
./checkpoints/sequential_1000_20221116071553/
Iteration 1, elapsed time: 0.158
./checkpoints/sequential_1000_20221116071553/
Iteration 2, elapsed time: 0.157
./checkpoints/sequential_1000_20221116071553/
Iteration 3, elapsed time: 0.157
./checkpoints/sequential_1000_20221116071553/
Iteration 4, elapsed time: 0.156
./checkpoints/sequential_1000_20221116071553/
Iteration 5, elapsed time: 0.156
./checkpoints/sequential_1000_20221116071553/
Iteration 6, elapsed time: 0.157
./checkpoints/sequential_1000_20221116071553/
Iteration 7, elapsed time: 0.154
./checkpoints/sequential_1000_20221116071553/
Iteration 8, elapsed time: 0.155
./checkpoints/sequential_1000_20221116071553/
Iteration 9, elapsed time: 0.157
./checkpoints/sequential_1000_20221116071553/
Student ID: 119010434
Name: Zhang Qihang
Assignment 3: N Body Simulation Sequential Implementation
./checkpoints/sequential_10000_20221116071555/
directory creation success
Iteration 0, elapsed time: 13.849
./checkpoints/sequential_10000_20221116071555/
Iteration 1, elapsed time: 13.397
./checkpoints/sequential_10000_20221116071555/
Iteration 2, elapsed time: 13.383
./checkpoints/sequential_10000_20221116071555/
Iteration 3, elapsed time: 13.028
./checkpoints/sequential_10000_20221116071555/
Iteration 4, elapsed time: 12.997
./checkpoints/sequential_10000_20221116071555/
Iteration 5, elapsed time: 12.966
./checkpoints/sequential_10000_20221116071555/
Iteration 6, elapsed time: 13.129
./checkpoints/sequential_10000_20221116071555/
Iteration 7, elapsed time: 12.641
./checkpoints/sequential_10000_20221116071555/
Iteration 8, elapsed time: 13.098
./checkpoints/sequential_10000_20221116071555/
Iteration 9, elapsed time: 13.000
./checkpoints/sequential_10000_20221116071555/
Student ID: 119010434
Name: Zhang Qihang
Assignment 3: N Body Simulation Sequential Implementation
