./checkpoints/sequential_10_20221116021737/
directory creation success
Iteration 0, elapsed time: 0.001
./checkpoints/sequential_10_20221116021737/
Iteration 1, elapsed time: 0.000
./checkpoints/sequential_10_20221116021737/
Iteration 2, elapsed time: 0.000
./checkpoints/sequential_10_20221116021737/
Iteration 3, elapsed time: 0.000
./checkpoints/sequential_10_20221116021737/
Iteration 4, elapsed time: 0.000
./checkpoints/sequential_10_20221116021737/
Iteration 5, elapsed time: 0.000
./checkpoints/sequential_10_20221116021737/
Iteration 6, elapsed time: 0.000
./checkpoints/sequential_10_20221116021737/
Iteration 7, elapsed time: 0.000
./checkpoints/sequential_10_20221116021737/
Iteration 8, elapsed time: 0.000
./checkpoints/sequential_10_20221116021737/
Iteration 9, elapsed time: 0.000
./checkpoints/sequential_10_20221116021737/
Iteration 10, elapsed time: 0.000
./checkpoints/sequential_10_20221116021737/
Iteration 11, elapsed time: 0.000
./checkpoints/sequential_10_20221116021737/
Iteration 12, elapsed time: 0.000
./checkpoints/sequential_10_20221116021737/
Iteration 13, elapsed time: 0.000
./checkpoints/sequential_10_20221116021737/
Iteration 14, elapsed time: 0.000
./checkpoints/sequential_10_20221116021737/
Iteration 15, elapsed time: 0.000
./checkpoints/sequential_10_20221116021737/
Iteration 16, elapsed time: 0.000
./checkpoints/sequential_10_20221116021737/
Iteration 17, elapsed time: 0.000
./checkpoints/sequential_10_20221116021737/
Iteration 18, elapsed time: 0.000
./checkpoints/sequential_10_20221116021737/
Iteration 19, elapsed time: 0.000
./checkpoints/sequential_10_20221116021737/
Iteration 20, elapsed time: 0.000
./checkpoints/sequential_10_20221116021737/
Iteration 21, elapsed time: 0.000
./checkpoints/sequential_10_20221116021737/
Iteration 22, elapsed time: 0.000
./checkpoints/sequential_10_20221116021737/
Iteration 23, elapsed time: 0.000
./checkpoints/sequential_10_20221116021737/
Iteration 24, elapsed time: 0.000
./checkpoints/sequential_10_20221116021737/
Iteration 25, elapsed time: 0.000
./checkpoints/sequential_10_20221116021737/
Iteration 26, elapsed time: 0.000
./checkpoints/sequential_10_20221116021737/
Iteration 27, elapsed time: 0.000
./checkpoints/sequential_10_20221116021737/
Iteration 28, elapsed time: 0.000
./checkpoints/sequential_10_20221116021737/
Iteration 29, elapsed time: 0.000
./checkpoints/sequential_10_20221116021737/
Iteration 30, elapsed time: 0.000
./checkpoints/sequential_10_20221116021737/
Iteration 31, elapsed time: 0.000
./checkpoints/sequential_10_20221116021737/
Iteration 32, elapsed time: 0.000
./checkpoints/sequential_10_20221116021737/
Iteration 33, elapsed time: 0.000
./checkpoints/sequential_10_20221116021737/
Iteration 34, elapsed time: 0.000
./checkpoints/sequential_10_20221116021737/
Iteration 35, elapsed time: 0.000
./checkpoints/sequential_10_20221116021737/
Iteration 36, elapsed time: 0.000
./checkpoints/sequential_10_20221116021737/
Iteration 37, elapsed time: 0.000
./checkpoints/sequential_10_20221116021737/
Iteration 38, elapsed time: 0.000
./checkpoints/sequential_10_20221116021737/
Iteration 39, elapsed time: 0.000
./checkpoints/sequential_10_20221116021737/
Iteration 40, elapsed time: 0.000
./checkpoints/sequential_10_20221116021737/
Iteration 41, elapsed time: 0.000
./checkpoints/sequential_10_20221116021737/
Iteration 42, elapsed time: 0.000
./checkpoints/sequential_10_20221116021737/
Iteration 43, elapsed time: 0.000
./checkpoints/sequential_10_20221116021737/
Iteration 44, elapsed time: 0.000
./checkpoints/sequential_10_20221116021737/
Iteration 45, elapsed time: 0.000
./checkpoints/sequential_10_20221116021737/
Iteration 46, elapsed time: 0.000
./checkpoints/sequential_10_20221116021737/
Iteration 47, elapsed time: 0.000
./checkpoints/sequential_10_20221116021737/
Iteration 48, elapsed time: 0.000
./checkpoints/sequential_10_20221116021737/
Iteration 49, elapsed time: 0.000
./checkpoints/sequential_10_20221116021737/
Iteration 50, elapsed time: 0.000
./checkpoints/sequential_10_20221116021737/
Iteration 51, elapsed time: 0.000
./checkpoints/sequential_10_20221116021737/
Iteration 52, elapsed time: 0.000
./checkpoints/sequential_10_20221116021737/
Iteration 53, elapsed time: 0.000
./checkpoints/sequential_10_20221116021737/
Iteration 54, elapsed time: 0.000
./checkpoints/sequential_10_20221116021737/
Iteration 55, elapsed time: 0.000
./checkpoints/sequential_10_20221116021737/
Iteration 56, elapsed time: 0.000
./checkpoints/sequential_10_20221116021737/
Iteration 57, elapsed time: 0.000
./checkpoints/sequential_10_20221116021737/
Iteration 58, elapsed time: 0.000
./checkpoints/sequential_10_20221116021737/
Iteration 59, elapsed time: 0.000
./checkpoints/sequential_10_20221116021737/
Iteration 60, elapsed time: 0.000
./checkpoints/sequential_10_20221116021737/
Iteration 61, elapsed time: 0.000
./checkpoints/sequential_10_20221116021737/
Iteration 62, elapsed time: 0.000
./checkpoints/sequential_10_20221116021737/
Iteration 63, elapsed time: 0.000
./checkpoints/sequential_10_20221116021737/
Iteration 64, elapsed time: 0.000
./checkpoints/sequential_10_20221116021737/
Iteration 65, elapsed time: 0.000
./checkpoints/sequential_10_20221116021737/
Iteration 66, elapsed time: 0.000
./checkpoints/sequential_10_20221116021737/
Iteration 67, elapsed time: 0.000
./checkpoints/sequential_10_20221116021737/
Iteration 68, elapsed time: 0.000
./checkpoints/sequential_10_20221116021737/
Iteration 69, elapsed time: 0.000
./checkpoints/sequential_10_20221116021737/
Iteration 70, elapsed time: 0.000
./checkpoints/sequential_10_20221116021737/
Iteration 71, elapsed time: 0.000
./checkpoints/sequential_10_20221116021737/
Iteration 72, elapsed time: 0.000
./checkpoints/sequential_10_20221116021737/
Iteration 73, elapsed time: 0.000
./checkpoints/sequential_10_20221116021737/
Iteration 74, elapsed time: 0.000
./checkpoints/sequential_10_20221116021737/
Iteration 75, elapsed time: 0.000
./checkpoints/sequential_10_20221116021737/
Iteration 76, elapsed time: 0.000
./checkpoints/sequential_10_20221116021737/
Iteration 77, elapsed time: 0.000
./checkpoints/sequential_10_20221116021737/
Iteration 78, elapsed time: 0.000
./checkpoints/sequential_10_20221116021737/
Iteration 79, elapsed time: 0.000
./checkpoints/sequential_10_20221116021737/
Iteration 80, elapsed time: 0.000
./checkpoints/sequential_10_20221116021737/
Iteration 81, elapsed time: 0.000
./checkpoints/sequential_10_20221116021737/
Iteration 82, elapsed time: 0.000
./checkpoints/sequential_10_20221116021737/
Iteration 83, elapsed time: 0.000
./checkpoints/sequential_10_20221116021737/
Iteration 84, elapsed time: 0.000
./checkpoints/sequential_10_20221116021737/
Iteration 85, elapsed time: 0.000
./checkpoints/sequential_10_20221116021737/
Iteration 86, elapsed time: 0.000
./checkpoints/sequential_10_20221116021737/
Iteration 87, elapsed time: 0.000
./checkpoints/sequential_10_20221116021737/
Iteration 88, elapsed time: 0.000
./checkpoints/sequential_10_20221116021737/
Iteration 89, elapsed time: 0.000
./checkpoints/sequential_10_20221116021737/
Iteration 90, elapsed time: 0.000
./checkpoints/sequential_10_20221116021737/
Iteration 91, elapsed time: 0.000
./checkpoints/sequential_10_20221116021737/
Iteration 92, elapsed time: 0.000
./checkpoints/sequential_10_20221116021737/
Iteration 93, elapsed time: 0.000
./checkpoints/sequential_10_20221116021737/
Iteration 94, elapsed time: 0.000
./checkpoints/sequential_10_20221116021737/
Iteration 95, elapsed time: 0.000
./checkpoints/sequential_10_20221116021737/
Iteration 96, elapsed time: 0.000
./checkpoints/sequential_10_20221116021737/
Iteration 97, elapsed time: 0.000
./checkpoints/sequential_10_20221116021737/
Iteration 98, elapsed time: 0.000
./checkpoints/sequential_10_20221116021737/
Iteration 99, elapsed time: 0.000
./checkpoints/sequential_10_20221116021737/
*** Error in `./pthread': free(): invalid next size (fast): 0x000000000062f010 ***
======= Backtrace: =========
/lib64/libc.so.6(+0x81499)[0x7fd62d2d4499]
./pthread[0x40368c]
./pthread[0x401b9b]
/lib64/libc.so.6(__libc_start_main+0xf5)[0x7fd62d275445]
./pthread[0x401c89]
======= Memory map: ========
00400000-00405000 r-xp 00000000 00:2a 2192907428                         /nfsmnt/119010434/ass2/CSC4005/project3_template_new/pthread
00604000-00605000 r--p 00004000 00:2a 2192907428                         /nfsmnt/119010434/ass2/CSC4005/project3_template_new/pthread
00605000-00606000 rw-p 00005000 00:2a 2192907428                         /nfsmnt/119010434/ass2/CSC4005/project3_template_new/pthread
0062f000-00671000 rw-p 00000000 00:00 0                                  [heap]
7fd628000000-7fd628021000 rw-p 00000000 00:00 0 
7fd628021000-7fd62c000000 ---p 00000000 00:00 0 
7fd62d253000-7fd62d416000 r-xp 00000000 fd:00 63550                      /usr/lib64/libc-2.17.so
7fd62d416000-7fd62d615000 ---p 001c3000 fd:00 63550                      /usr/lib64/libc-2.17.so
7fd62d615000-7fd62d619000 r--p 001c2000 fd:00 63550                      /usr/lib64/libc-2.17.so
7fd62d619000-7fd62d61b000 rw-p 001c6000 fd:00 63550                      /usr/lib64/libc-2.17.so
7fd62d61b000-7fd62d620000 rw-p 00000000 00:00 0 
7fd62d620000-7fd62d635000 r-xp 00000000 fd:00 63427320                   /usr/lib64/libgcc_s-4.8.5-20150702.so.1
7fd62d635000-7fd62d834000 ---p 00015000 fd:00 63427320                   /usr/lib64/libgcc_s-4.8.5-20150702.so.1
7fd62d834000-7fd62d835000 r--p 00014000 fd:00 63427320                   /usr/lib64/libgcc_s-4.8.5-20150702.so.1
7fd62d835000-7fd62d836000 rw-p 00015000 fd:00 63427320                   /usr/lib64/libgcc_s-4.8.5-20150702.so.1
7fd62d836000-7fd62d937000 r-xp 00000000 fd:00 63558                      /usr/lib64/libm-2.17.so
7fd62d937000-7fd62db36000 ---p 00101000 fd:00 63558                      /usr/lib64/libm-2.17.so
7fd62db36000-7fd62db37000 r--p 00100000 fd:00 63558                      /usr/lib64/libm-2.17.so
7fd62db37000-7fd62db38000 rw-p 00101000 fd:00 63558                      /usr/lib64/libm-2.17.so
7fd62db38000-7fd62dc21000 r-xp 00000000 fd:00 63427321                   /usr/lib64/libstdc++.so.6.0.19
7fd62dc21000-7fd62de21000 ---p 000e9000 fd:00 63427321                   /usr/lib64/libstdc++.so.6.0.19
7fd62de21000-7fd62de29000 r--p 000e9000 fd:00 63427321                   /usr/lib64/libstdc++.so.6.0.19
7fd62de29000-7fd62de2b000 rw-p 000f1000 fd:00 63427321                   /usr/lib64/libstdc++.so.6.0.19
7fd62de2b000-7fd62de40000 rw-p 00000000 00:00 0 
7fd62de40000-7fd62de57000 r-xp 00000000 fd:00 63576                      /usr/lib64/libpthread-2.17.so
7fd62de57000-7fd62e056000 ---p 00017000 fd:00 63576                      /usr/lib64/libpthread-2.17.so
7fd62e056000-7fd62e057000 r--p 00016000 fd:00 63576                      /usr/lib64/libpthread-2.17.so
7fd62e057000-7fd62e058000 rw-p 00017000 fd:00 63576                      /usr/lib64/libpthread-2.17.so
7fd62e058000-7fd62e05c000 rw-p 00000000 00:00 0 
7fd62e05c000-7fd62e07e000 r-xp 00000000 fd:00 63543                      /usr/lib64/ld-2.17.so
7fd62e264000-7fd62e26a000 rw-p 00000000 00:00 0 
7fd62e279000-7fd62e27d000 rw-p 00000000 00:00 0 
7fd62e27d000-7fd62e27e000 r--p 00021000 fd:00 63543                      /usr/lib64/ld-2.17.so
7fd62e27e000-7fd62e27f000 rw-p 00022000 fd:00 63543                      /usr/lib64/ld-2.17.so
7fd62e27f000-7fd62e280000 rw-p 00000000 00:00 0 
7fffe50e9000-7fffe510b000 rw-p 00000000 00:00 0                          [stack]
7fffe5185000-7fffe5187000 r-xp 00000000 00:00 0                          [vdso]
ffffffffff600000-ffffffffff601000 r-xp 00000000 00:00 0                  [vsyscall]
/var/spool/slurmd/job33982/slurm_script: line 9: 67360 Aborted                 (core dumped) ./pthread 10 100 4
