Converge after 1000 iterations, elapsed time: 4.599597, average computation time: 0.004600
Converge after 1000 iterations, elapsed time: 0.000000, average computation time: 0.000000
Converge after 1000 iterations, elapsed time: 0.000000, average computation time: 0.000000
Converge after 1000 iterations, elapsed time: 0.000000, average computation time: 0.000000
Student ID: 119010434
Name: Zhang Qihang
Assignment 4: Heat Distribution Simulation MPI Implementation
Converge after 1000 iterations, elapsed time: 0.000000, average computation time: 0.000000
Converge after 1000 iterations, elapsed time: 0.000000, average computation time: 0.000000
Converge after 1000 iterations, elapsed time: 0.000000, average computation time: 0.000000
Converge after 1000 iterations, elapsed time: 0.000000, average computation time: 0.000000
Converge after 1000 iterations, elapsed time: 0.000000, average computation time: 0.000000
Converge after 1000 iterations, elapsed time: 0.000000, average computation time: 0.000000
Converge after 1000 iterations, elapsed time: 0.000000, average computation time: 0.000000
Converge after 1000 iterations, elapsed time: 0.000000, average computation time: 0.000000
Converge after 1000 iterations, elapsed time: 0.000000, average computation time: 0.000000
Converge after 1000 iterations, elapsed time: 10.371268, average computation time: 0.010371
Converge after 1000 iterations, elapsed time: 0.000000, average computation time: 0.000000
Converge after 1000 iterations, elapsed time: 0.000000, average computation time: 0.000000
Converge after 1000 iterations, elapsed time: 0.000000, average computation time: 0.000000
Converge after 1000 iterations, elapsed time: 0.000000, average computation time: 0.000000
Converge after 1000 iterations, elapsed time: 0.000000, average computation time: 0.000000
Converge after 1000 iterations, elapsed time: 0.000000, average computation time: 0.000000
Converge after 1000 iterations, elapsed time: 0.000000, average computation time: 0.000000
Converge after 1000 iterations, elapsed time: 0.000000, average computation time: 0.000000
Converge after 1000 iterations, elapsed time: 0.000000, average computation time: 0.000000
Converge after 1000 iterations, elapsed time: 0.000000, average computation time: 0.000000
Student ID: 119010434
Name: Zhang Qihang
Assignment 4: Heat Distribution Simulation MPI Implementation
srun: Job step aborted: Waiting up to 32 seconds for job step to finish.
slurmstepd: error: *** JOB 80632 ON node26 CANCELLED AT 2022-12-05T08:06:30 DUE TO TIME LIMIT ***
slurmstepd: error: *** STEP 80632.2 ON node26 CANCELLED AT 2022-12-05T08:06:30 DUE TO TIME LIMIT ***
